   0  $accept : Program $end

   1  Program : ClassList

   2  ClassList : ClassList ClassDef
   3            | ClassDef

   4  VariableDef : Variable ';'

   5  Variable : Type IDENTIFIER

   6  Type : INT
   7       | VOID
   8       | BOOL
   9       | COMPLEX
  10       | STRING
  11       | CLASS IDENTIFIER
  12       | Type '[' ']'

  13  ClassDef : CLASS IDENTIFIER ExtendsClause '{' FieldList '}'

  14  ExtendsClause : EXTENDS IDENTIFIER
  15                |

  16  FieldList : FieldList VariableDef
  17            | FieldList FunctionDef
  18            |

  19  Formals : VariableList
  20          |

  21  VariableList : VariableList ',' Variable
  22               | Variable

  23  FunctionDef : STATIC Type IDENTIFIER '(' Formals ')' StmtBlock
  24              | Type IDENTIFIER '(' Formals ')' StmtBlock

  25  StmtBlock : '{' StmtList '}'

  26  StmtList : StmtList Stmt
  27           |

  28  Stmt : VariableDef
  29       | SimpleStmt ';'
  30       | IfStmt
  31       | WhileStmt
  32       | ForStmt
  33       | ReturnStmt ';'
  34       | PrintStmt ';'
  35       | PrintCompStmt ';'
  36       | BreakStmt ';'
  37       | StmtBlock
  38       | DoStmt

  39  DoStmt : DO DoBranchList OD

  40  DoBranchList : DoBranchList III DoBranch
  41               | DoBranch

  42  DoBranch : Expr ':' Stmt

  43  SimpleStmt : LValue '=' Expr
  44             | Call
  45             |

  46  Receiver : Expr '.'
  47           |

  48  LValue : Receiver IDENTIFIER
  49         | Expr '[' Expr ']'

  50  Call : Receiver IDENTIFIER '(' Actuals ')'

  51  OneCaseExpr : Constant ':' Expr ';'

  52  DefCaseExpr : DEFAULT ':' Expr ';'

  53  ConstCaseList : OneCaseExpr ConstCaseList
  54                |

  55  AllCaseList : ConstCaseList DefCaseExpr

  56  CondExpr : CASE '(' Expr ')' '{' AllCaseList '}'

  57  Expr : LValue
  58       | Call
  59       | Constant
  60       | CondExpr
  61       | Expr '+' Expr
  62       | Expr '-' Expr
  63       | Expr '*' Expr
  64       | Expr '/' Expr
  65       | Expr '%' Expr
  66       | Expr EQUAL Expr
  67       | Expr NOT_EQUAL Expr
  68       | Expr '<' Expr
  69       | Expr '>' Expr
  70       | Expr LESS_EQUAL Expr
  71       | Expr GREATER_EQUAL Expr
  72       | Expr AND Expr
  73       | Expr OR Expr
  74       | '(' Expr ')'
  75       | '-' Expr
  76       | '!' Expr
  77       | '@' Expr
  78       | '$' Expr
  79       | '#' Expr
  80       | READ_INTEGER '(' ')'
  81       | READ_LINE '(' ')'
  82       | DCOPY '(' Expr ')'
  83       | SCOPY '(' Expr ')'
  84       | THIS
  85       | SUPER
  86       | NEW IDENTIFIER '(' ')'
  87       | NEW Type '[' Expr ']'
  88       | INSTANCEOF '(' Expr ',' IDENTIFIER ')'
  89       | '(' CLASS IDENTIFIER ')' Expr

  90  Constant : LITERAL
  91           | NULL

  92  Actuals : ExprList
  93          |

  94  ExprList : ExprList ',' Expr
  95           | Expr

  96  WhileStmt : WHILE '(' Expr ')' Stmt

  97  ForStmt : FOR '(' SimpleStmt ';' Expr ';' SimpleStmt ')' Stmt

  98  BreakStmt : BREAK

  99  IfStmt : IF '(' Expr ')' Stmt ElseClause

 100  ElseClause : ELSE Stmt
 101             |

 102  ReturnStmt : RETURN Expr
 103             | RETURN

 104  PrintStmt : PRINT '(' ExprList ')'

 105  PrintCompStmt : PRINT_COMP '(' ExprList ')'

state 0
	$accept : . Program $end  (0)

	CLASS  shift 1
	.  error

	Program  goto 2
	ClassList  goto 3
	ClassDef  goto 4


state 1
	ClassDef : CLASS . IDENTIFIER ExtendsClause '{' FieldList '}'  (13)

	IDENTIFIER  shift 5
	.  error


state 2
	$accept : Program . $end  (0)

	$end  accept


state 3
	Program : ClassList .  (1)
	ClassList : ClassList . ClassDef  (2)

	CLASS  shift 1
	$end  reduce 1

	ClassDef  goto 6


state 4
	ClassList : ClassDef .  (3)

	.  reduce 3


state 5
	ClassDef : CLASS IDENTIFIER . ExtendsClause '{' FieldList '}'  (13)
	ExtendsClause : .  (15)

	EXTENDS  shift 7
	'{'  reduce 15

	ExtendsClause  goto 8


state 6
	ClassList : ClassList ClassDef .  (2)

	.  reduce 2


state 7
	ExtendsClause : EXTENDS . IDENTIFIER  (14)

	IDENTIFIER  shift 9
	.  error


state 8
	ClassDef : CLASS IDENTIFIER ExtendsClause . '{' FieldList '}'  (13)

	'{'  shift 10
	.  error


state 9
	ExtendsClause : EXTENDS IDENTIFIER .  (14)

	.  reduce 14


state 10
	ClassDef : CLASS IDENTIFIER ExtendsClause '{' . FieldList '}'  (13)
	FieldList : .  (18)

	.  reduce 18

	FieldList  goto 11


state 11
	ClassDef : CLASS IDENTIFIER ExtendsClause '{' FieldList . '}'  (13)
	FieldList : FieldList . VariableDef  (16)
	FieldList : FieldList . FunctionDef  (17)

	VOID  shift 12
	BOOL  shift 13
	INT  shift 14
	STRING  shift 15
	CLASS  shift 16
	COMPLEX  shift 17
	STATIC  shift 18
	'}'  shift 19
	.  error

	VariableDef  goto 20
	Variable  goto 21
	Type  goto 22
	FunctionDef  goto 23


state 12
	Type : VOID .  (7)

	.  reduce 7


state 13
	Type : BOOL .  (8)

	.  reduce 8


state 14
	Type : INT .  (6)

	.  reduce 6


state 15
	Type : STRING .  (10)

	.  reduce 10


state 16
	Type : CLASS . IDENTIFIER  (11)

	IDENTIFIER  shift 24
	.  error


state 17
	Type : COMPLEX .  (9)

	.  reduce 9


state 18
	FunctionDef : STATIC . Type IDENTIFIER '(' Formals ')' StmtBlock  (23)

	VOID  shift 12
	BOOL  shift 13
	INT  shift 14
	STRING  shift 15
	CLASS  shift 16
	COMPLEX  shift 17
	.  error

	Type  goto 25


state 19
	ClassDef : CLASS IDENTIFIER ExtendsClause '{' FieldList '}' .  (13)

	.  reduce 13


state 20
	FieldList : FieldList VariableDef .  (16)

	.  reduce 16


state 21
	VariableDef : Variable . ';'  (4)

	';'  shift 26
	.  error


state 22
	Variable : Type . IDENTIFIER  (5)
	Type : Type . '[' ']'  (12)
	FunctionDef : Type . IDENTIFIER '(' Formals ')' StmtBlock  (24)

	IDENTIFIER  shift 27
	'['  shift 28
	.  error


state 23
	FieldList : FieldList FunctionDef .  (17)

	.  reduce 17


state 24
	Type : CLASS IDENTIFIER .  (11)

	.  reduce 11


state 25
	Type : Type . '[' ']'  (12)
	FunctionDef : STATIC Type . IDENTIFIER '(' Formals ')' StmtBlock  (23)

	IDENTIFIER  shift 29
	'['  shift 28
	.  error


state 26
	VariableDef : Variable ';' .  (4)

	.  reduce 4


state 27
	Variable : Type IDENTIFIER .  (5)
	FunctionDef : Type IDENTIFIER . '(' Formals ')' StmtBlock  (24)

	'('  shift 30
	';'  reduce 5


state 28
	Type : Type '[' . ']'  (12)

	']'  shift 31
	.  error


state 29
	FunctionDef : STATIC Type IDENTIFIER . '(' Formals ')' StmtBlock  (23)

	'('  shift 32
	.  error


state 30
	FunctionDef : Type IDENTIFIER '(' . Formals ')' StmtBlock  (24)
	Formals : .  (20)

	VOID  shift 12
	BOOL  shift 13
	INT  shift 14
	STRING  shift 15
	CLASS  shift 16
	COMPLEX  shift 17
	')'  reduce 20

	Variable  goto 33
	Type  goto 34
	Formals  goto 35
	VariableList  goto 36


state 31
	Type : Type '[' ']' .  (12)

	.  reduce 12


state 32
	FunctionDef : STATIC Type IDENTIFIER '(' . Formals ')' StmtBlock  (23)
	Formals : .  (20)

	VOID  shift 12
	BOOL  shift 13
	INT  shift 14
	STRING  shift 15
	CLASS  shift 16
	COMPLEX  shift 17
	')'  reduce 20

	Variable  goto 33
	Type  goto 34
	Formals  goto 37
	VariableList  goto 36


state 33
	VariableList : Variable .  (22)

	.  reduce 22


state 34
	Variable : Type . IDENTIFIER  (5)
	Type : Type . '[' ']'  (12)

	IDENTIFIER  shift 38
	'['  shift 28
	.  error


state 35
	FunctionDef : Type IDENTIFIER '(' Formals . ')' StmtBlock  (24)

	')'  shift 39
	.  error


state 36
	Formals : VariableList .  (19)
	VariableList : VariableList . ',' Variable  (21)

	','  shift 40
	')'  reduce 19


state 37
	FunctionDef : STATIC Type IDENTIFIER '(' Formals . ')' StmtBlock  (23)

	')'  shift 41
	.  error


state 38
	Variable : Type IDENTIFIER .  (5)

	.  reduce 5


state 39
	FunctionDef : Type IDENTIFIER '(' Formals ')' . StmtBlock  (24)

	'{'  shift 42
	.  error

	StmtBlock  goto 43


state 40
	VariableList : VariableList ',' . Variable  (21)

	VOID  shift 12
	BOOL  shift 13
	INT  shift 14
	STRING  shift 15
	CLASS  shift 16
	COMPLEX  shift 17
	.  error

	Variable  goto 44
	Type  goto 34


state 41
	FunctionDef : STATIC Type IDENTIFIER '(' Formals ')' . StmtBlock  (23)

	'{'  shift 42
	.  error

	StmtBlock  goto 45


state 42
	StmtBlock : '{' . StmtList '}'  (25)
	StmtList : .  (27)

	.  reduce 27

	StmtList  goto 46


state 43
	FunctionDef : Type IDENTIFIER '(' Formals ')' StmtBlock .  (24)

	.  reduce 24


state 44
	VariableList : VariableList ',' Variable .  (21)

	.  reduce 21


state 45
	FunctionDef : STATIC Type IDENTIFIER '(' Formals ')' StmtBlock .  (23)

	.  reduce 23


state 46
	StmtBlock : '{' StmtList . '}'  (25)
	StmtList : StmtList . Stmt  (26)
	SimpleStmt : .  (45)
	Receiver : .  (47)

	VOID  shift 12
	BOOL  shift 13
	INT  shift 14
	STRING  shift 15
	CLASS  shift 16
	COMPLEX  shift 17
	NULL  shift 47
	THIS  shift 48
	WHILE  shift 49
	FOR  shift 50
	IF  shift 51
	RETURN  shift 52
	BREAK  shift 53
	NEW  shift 54
	PRINT  shift 55
	READ_INTEGER  shift 56
	READ_LINE  shift 57
	LITERAL  shift 58
	INSTANCEOF  shift 59
	CASE  shift 60
	SUPER  shift 61
	DCOPY  shift 62
	SCOPY  shift 63
	DO  shift 64
	'-'  shift 65
	'!'  shift 66
	'('  shift 67
	'{'  shift 42
	'}'  shift 68
	'@'  shift 69
	'$'  shift 70
	'#'  shift 71
	PRINT_COMP  shift 72
	IDENTIFIER  reduce 47
	';'  reduce 45

	VariableDef  goto 73
	Variable  goto 21
	Type  goto 34
	StmtBlock  goto 74
	Stmt  goto 75
	SimpleStmt  goto 76
	IfStmt  goto 77
	WhileStmt  goto 78
	ForStmt  goto 79
	ReturnStmt  goto 80
	PrintStmt  goto 81
	PrintCompStmt  goto 82
	BreakStmt  goto 83
	DoStmt  goto 84
	Expr  goto 85
	LValue  goto 86
	Call  goto 87
	Receiver  goto 88
	Constant  goto 89
	CondExpr  goto 90


state 47
	Constant : NULL .  (91)

	.  reduce 91


state 48
	Expr : THIS .  (84)

	.  reduce 84


state 49
	WhileStmt : WHILE . '(' Expr ')' Stmt  (96)

	'('  shift 91
	.  error


state 50
	ForStmt : FOR . '(' SimpleStmt ';' Expr ';' SimpleStmt ')' Stmt  (97)

	'('  shift 92
	.  error


state 51
	IfStmt : IF . '(' Expr ')' Stmt ElseClause  (99)

	'('  shift 93
	.  error


state 52
	ReturnStmt : RETURN . Expr  (102)
	ReturnStmt : RETURN .  (103)
	Receiver : .  (47)

	NULL  shift 47
	THIS  shift 48
	NEW  shift 54
	READ_INTEGER  shift 56
	READ_LINE  shift 57
	LITERAL  shift 58
	INSTANCEOF  shift 59
	CASE  shift 60
	SUPER  shift 61
	DCOPY  shift 62
	SCOPY  shift 63
	'-'  shift 65
	'!'  shift 66
	'('  shift 67
	'@'  shift 69
	'$'  shift 70
	'#'  shift 71
	IDENTIFIER  reduce 47
	';'  reduce 103

	Expr  goto 94
	LValue  goto 95
	Call  goto 96
	Receiver  goto 88
	Constant  goto 89
	CondExpr  goto 90


state 53
	BreakStmt : BREAK .  (98)

	.  reduce 98


state 54
	Expr : NEW . IDENTIFIER '(' ')'  (86)
	Expr : NEW . Type '[' Expr ']'  (87)

	VOID  shift 12
	BOOL  shift 13
	INT  shift 14
	STRING  shift 15
	CLASS  shift 16
	COMPLEX  shift 17
	IDENTIFIER  shift 97
	.  error

	Type  goto 98


state 55
	PrintStmt : PRINT . '(' ExprList ')'  (104)

	'('  shift 99
	.  error


state 56
	Expr : READ_INTEGER . '(' ')'  (80)

	'('  shift 100
	.  error


state 57
	Expr : READ_LINE . '(' ')'  (81)

	'('  shift 101
	.  error


state 58
	Constant : LITERAL .  (90)

	.  reduce 90


state 59
	Expr : INSTANCEOF . '(' Expr ',' IDENTIFIER ')'  (88)

	'('  shift 102
	.  error


state 60
	CondExpr : CASE . '(' Expr ')' '{' AllCaseList '}'  (56)

	'('  shift 103
	.  error


state 61
	Expr : SUPER .  (85)

	.  reduce 85


state 62
	Expr : DCOPY . '(' Expr ')'  (82)

	'('  shift 104
	.  error


state 63
	Expr : SCOPY . '(' Expr ')'  (83)

	'('  shift 105
	.  error


state 64
	DoStmt : DO . DoBranchList OD  (39)
	Receiver : .  (47)

	NULL  shift 47
	THIS  shift 48
	NEW  shift 54
	READ_INTEGER  shift 56
	READ_LINE  shift 57
	LITERAL  shift 58
	INSTANCEOF  shift 59
	CASE  shift 60
	SUPER  shift 61
	DCOPY  shift 62
	SCOPY  shift 63
	'-'  shift 65
	'!'  shift 66
	'('  shift 67
	'@'  shift 69
	'$'  shift 70
	'#'  shift 71
	IDENTIFIER  reduce 47

	DoBranchList  goto 106
	DoBranch  goto 107
	Expr  goto 108
	LValue  goto 95
	Call  goto 96
	Receiver  goto 88
	Constant  goto 89
	CondExpr  goto 90


state 65
	Expr : '-' . Expr  (75)
	Receiver : .  (47)

	NULL  shift 47
	THIS  shift 48
	NEW  shift 54
	READ_INTEGER  shift 56
	READ_LINE  shift 57
	LITERAL  shift 58
	INSTANCEOF  shift 59
	CASE  shift 60
	SUPER  shift 61
	DCOPY  shift 62
	SCOPY  shift 63
	'-'  shift 65
	'!'  shift 66
	'('  shift 67
	'@'  shift 69
	'$'  shift 70
	'#'  shift 71
	IDENTIFIER  reduce 47

	Expr  goto 109
	LValue  goto 95
	Call  goto 96
	Receiver  goto 88
	Constant  goto 89
	CondExpr  goto 90


state 66
	Expr : '!' . Expr  (76)
	Receiver : .  (47)

	NULL  shift 47
	THIS  shift 48
	NEW  shift 54
	READ_INTEGER  shift 56
	READ_LINE  shift 57
	LITERAL  shift 58
	INSTANCEOF  shift 59
	CASE  shift 60
	SUPER  shift 61
	DCOPY  shift 62
	SCOPY  shift 63
	'-'  shift 65
	'!'  shift 66
	'('  shift 67
	'@'  shift 69
	'$'  shift 70
	'#'  shift 71
	IDENTIFIER  reduce 47

	Expr  goto 110
	LValue  goto 95
	Call  goto 96
	Receiver  goto 88
	Constant  goto 89
	CondExpr  goto 90


state 67
	Expr : '(' . Expr ')'  (74)
	Expr : '(' . CLASS IDENTIFIER ')' Expr  (89)
	Receiver : .  (47)

	CLASS  shift 111
	NULL  shift 47
	THIS  shift 48
	NEW  shift 54
	READ_INTEGER  shift 56
	READ_LINE  shift 57
	LITERAL  shift 58
	INSTANCEOF  shift 59
	CASE  shift 60
	SUPER  shift 61
	DCOPY  shift 62
	SCOPY  shift 63
	'-'  shift 65
	'!'  shift 66
	'('  shift 67
	'@'  shift 69
	'$'  shift 70
	'#'  shift 71
	IDENTIFIER  reduce 47

	Expr  goto 112
	LValue  goto 95
	Call  goto 96
	Receiver  goto 88
	Constant  goto 89
	CondExpr  goto 90


state 68
	StmtBlock : '{' StmtList '}' .  (25)

	.  reduce 25


state 69
	Expr : '@' . Expr  (77)
	Receiver : .  (47)

	NULL  shift 47
	THIS  shift 48
	NEW  shift 54
	READ_INTEGER  shift 56
	READ_LINE  shift 57
	LITERAL  shift 58
	INSTANCEOF  shift 59
	CASE  shift 60
	SUPER  shift 61
	DCOPY  shift 62
	SCOPY  shift 63
	'-'  shift 65
	'!'  shift 66
	'('  shift 67
	'@'  shift 69
	'$'  shift 70
	'#'  shift 71
	IDENTIFIER  reduce 47

	Expr  goto 113
	LValue  goto 95
	Call  goto 96
	Receiver  goto 88
	Constant  goto 89
	CondExpr  goto 90


state 70
	Expr : '$' . Expr  (78)
	Receiver : .  (47)

	NULL  shift 47
	THIS  shift 48
	NEW  shift 54
	READ_INTEGER  shift 56
	READ_LINE  shift 57
	LITERAL  shift 58
	INSTANCEOF  shift 59
	CASE  shift 60
	SUPER  shift 61
	DCOPY  shift 62
	SCOPY  shift 63
	'-'  shift 65
	'!'  shift 66
	'('  shift 67
	'@'  shift 69
	'$'  shift 70
	'#'  shift 71
	IDENTIFIER  reduce 47

	Expr  goto 114
	LValue  goto 95
	Call  goto 96
	Receiver  goto 88
	Constant  goto 89
	CondExpr  goto 90


state 71
	Expr : '#' . Expr  (79)
	Receiver : .  (47)

	NULL  shift 47
	THIS  shift 48
	NEW  shift 54
	READ_INTEGER  shift 56
	READ_LINE  shift 57
	LITERAL  shift 58
	INSTANCEOF  shift 59
	CASE  shift 60
	SUPER  shift 61
	DCOPY  shift 62
	SCOPY  shift 63
	'-'  shift 65
	'!'  shift 66
	'('  shift 67
	'@'  shift 69
	'$'  shift 70
	'#'  shift 71
	IDENTIFIER  reduce 47

	Expr  goto 115
	LValue  goto 95
	Call  goto 96
	Receiver  goto 88
	Constant  goto 89
	CondExpr  goto 90


state 72
	PrintCompStmt : PRINT_COMP . '(' ExprList ')'  (105)

	'('  shift 116
	.  error


state 73
	Stmt : VariableDef .  (28)

	.  reduce 28


state 74
	Stmt : StmtBlock .  (37)

	.  reduce 37


state 75
	StmtList : StmtList Stmt .  (26)

	.  reduce 26


state 76
	Stmt : SimpleStmt . ';'  (29)

	';'  shift 117
	.  error


state 77
	Stmt : IfStmt .  (30)

	.  reduce 30


state 78
	Stmt : WhileStmt .  (31)

	.  reduce 31


state 79
	Stmt : ForStmt .  (32)

	.  reduce 32


state 80
	Stmt : ReturnStmt . ';'  (33)

	';'  shift 118
	.  error


state 81
	Stmt : PrintStmt . ';'  (34)

	';'  shift 119
	.  error


state 82
	Stmt : PrintCompStmt . ';'  (35)

	';'  shift 120
	.  error


state 83
	Stmt : BreakStmt . ';'  (36)

	';'  shift 121
	.  error


state 84
	Stmt : DoStmt .  (38)

	.  reduce 38


state 85
	Receiver : Expr . '.'  (46)
	LValue : Expr . '[' Expr ']'  (49)
	Expr : Expr . '+' Expr  (61)
	Expr : Expr . '-' Expr  (62)
	Expr : Expr . '*' Expr  (63)
	Expr : Expr . '/' Expr  (64)
	Expr : Expr . '%' Expr  (65)
	Expr : Expr . EQUAL Expr  (66)
	Expr : Expr . NOT_EQUAL Expr  (67)
	Expr : Expr . '<' Expr  (68)
	Expr : Expr . '>' Expr  (69)
	Expr : Expr . LESS_EQUAL Expr  (70)
	Expr : Expr . GREATER_EQUAL Expr  (71)
	Expr : Expr . AND Expr  (72)
	Expr : Expr . OR Expr  (73)

	AND  shift 122
	OR  shift 123
	LESS_EQUAL  shift 124
	GREATER_EQUAL  shift 125
	EQUAL  shift 126
	NOT_EQUAL  shift 127
	'+'  shift 128
	'-'  shift 129
	'*'  shift 130
	'/'  shift 131
	'%'  shift 132
	'>'  shift 133
	'<'  shift 134
	'.'  shift 135
	'['  shift 136
	.  error


state 86
	SimpleStmt : LValue . '=' Expr  (43)
	Expr : LValue .  (57)

	'='  shift 137
	AND  reduce 57
	OR  reduce 57
	LESS_EQUAL  reduce 57
	GREATER_EQUAL  reduce 57
	EQUAL  reduce 57
	NOT_EQUAL  reduce 57
	'+'  reduce 57
	'-'  reduce 57
	'*'  reduce 57
	'/'  reduce 57
	'%'  reduce 57
	'>'  reduce 57
	'<'  reduce 57
	'.'  reduce 57
	'['  reduce 57


state 87
	SimpleStmt : Call .  (44)
	Expr : Call .  (58)

	AND  reduce 58
	OR  reduce 58
	LESS_EQUAL  reduce 58
	GREATER_EQUAL  reduce 58
	EQUAL  reduce 58
	NOT_EQUAL  reduce 58
	'+'  reduce 58
	'-'  reduce 58
	'*'  reduce 58
	'/'  reduce 58
	'%'  reduce 58
	'>'  reduce 58
	'<'  reduce 58
	'.'  reduce 58
	';'  reduce 44
	')'  reduce 44
	'['  reduce 58


state 88
	LValue : Receiver . IDENTIFIER  (48)
	Call : Receiver . IDENTIFIER '(' Actuals ')'  (50)

	IDENTIFIER  shift 138
	.  error


state 89
	Expr : Constant .  (59)

	.  reduce 59


state 90
	Expr : CondExpr .  (60)

	.  reduce 60


state 91
	WhileStmt : WHILE '(' . Expr ')' Stmt  (96)
	Receiver : .  (47)

	NULL  shift 47
	THIS  shift 48
	NEW  shift 54
	READ_INTEGER  shift 56
	READ_LINE  shift 57
	LITERAL  shift 58
	INSTANCEOF  shift 59
	CASE  shift 60
	SUPER  shift 61
	DCOPY  shift 62
	SCOPY  shift 63
	'-'  shift 65
	'!'  shift 66
	'('  shift 67
	'@'  shift 69
	'$'  shift 70
	'#'  shift 71
	IDENTIFIER  reduce 47

	Expr  goto 139
	LValue  goto 95
	Call  goto 96
	Receiver  goto 88
	Constant  goto 89
	CondExpr  goto 90


state 92
	ForStmt : FOR '(' . SimpleStmt ';' Expr ';' SimpleStmt ')' Stmt  (97)
	SimpleStmt : .  (45)
	Receiver : .  (47)

	NULL  shift 47
	THIS  shift 48
	NEW  shift 54
	READ_INTEGER  shift 56
	READ_LINE  shift 57
	LITERAL  shift 58
	INSTANCEOF  shift 59
	CASE  shift 60
	SUPER  shift 61
	DCOPY  shift 62
	SCOPY  shift 63
	'-'  shift 65
	'!'  shift 66
	'('  shift 67
	'@'  shift 69
	'$'  shift 70
	'#'  shift 71
	IDENTIFIER  reduce 47
	';'  reduce 45

	SimpleStmt  goto 140
	Expr  goto 85
	LValue  goto 86
	Call  goto 87
	Receiver  goto 88
	Constant  goto 89
	CondExpr  goto 90


state 93
	IfStmt : IF '(' . Expr ')' Stmt ElseClause  (99)
	Receiver : .  (47)

	NULL  shift 47
	THIS  shift 48
	NEW  shift 54
	READ_INTEGER  shift 56
	READ_LINE  shift 57
	LITERAL  shift 58
	INSTANCEOF  shift 59
	CASE  shift 60
	SUPER  shift 61
	DCOPY  shift 62
	SCOPY  shift 63
	'-'  shift 65
	'!'  shift 66
	'('  shift 67
	'@'  shift 69
	'$'  shift 70
	'#'  shift 71
	IDENTIFIER  reduce 47

	Expr  goto 141
	LValue  goto 95
	Call  goto 96
	Receiver  goto 88
	Constant  goto 89
	CondExpr  goto 90


state 94
	Receiver : Expr . '.'  (46)
	LValue : Expr . '[' Expr ']'  (49)
	Expr : Expr . '+' Expr  (61)
	Expr : Expr . '-' Expr  (62)
	Expr : Expr . '*' Expr  (63)
	Expr : Expr . '/' Expr  (64)
	Expr : Expr . '%' Expr  (65)
	Expr : Expr . EQUAL Expr  (66)
	Expr : Expr . NOT_EQUAL Expr  (67)
	Expr : Expr . '<' Expr  (68)
	Expr : Expr . '>' Expr  (69)
	Expr : Expr . LESS_EQUAL Expr  (70)
	Expr : Expr . GREATER_EQUAL Expr  (71)
	Expr : Expr . AND Expr  (72)
	Expr : Expr . OR Expr  (73)
	ReturnStmt : RETURN Expr .  (102)

	AND  shift 122
	OR  shift 123
	LESS_EQUAL  shift 124
	GREATER_EQUAL  shift 125
	EQUAL  shift 126
	NOT_EQUAL  shift 127
	'+'  shift 128
	'-'  shift 129
	'*'  shift 130
	'/'  shift 131
	'%'  shift 132
	'>'  shift 133
	'<'  shift 134
	'.'  shift 135
	'['  shift 136
	';'  reduce 102


state 95
	Expr : LValue .  (57)

	.  reduce 57


state 96
	Expr : Call .  (58)

	.  reduce 58


state 97
	Expr : NEW IDENTIFIER . '(' ')'  (86)

	'('  shift 142
	.  error


state 98
	Type : Type . '[' ']'  (12)
	Expr : NEW Type . '[' Expr ']'  (87)

	'['  shift 143
	.  error


state 99
	PrintStmt : PRINT '(' . ExprList ')'  (104)
	Receiver : .  (47)

	NULL  shift 47
	THIS  shift 48
	NEW  shift 54
	READ_INTEGER  shift 56
	READ_LINE  shift 57
	LITERAL  shift 58
	INSTANCEOF  shift 59
	CASE  shift 60
	SUPER  shift 61
	DCOPY  shift 62
	SCOPY  shift 63
	'-'  shift 65
	'!'  shift 66
	'('  shift 67
	'@'  shift 69
	'$'  shift 70
	'#'  shift 71
	IDENTIFIER  reduce 47

	Expr  goto 144
	LValue  goto 95
	Call  goto 96
	Receiver  goto 88
	Constant  goto 89
	CondExpr  goto 90
	ExprList  goto 145


state 100
	Expr : READ_INTEGER '(' . ')'  (80)

	')'  shift 146
	.  error


state 101
	Expr : READ_LINE '(' . ')'  (81)

	')'  shift 147
	.  error


state 102
	Expr : INSTANCEOF '(' . Expr ',' IDENTIFIER ')'  (88)
	Receiver : .  (47)

	NULL  shift 47
	THIS  shift 48
	NEW  shift 54
	READ_INTEGER  shift 56
	READ_LINE  shift 57
	LITERAL  shift 58
	INSTANCEOF  shift 59
	CASE  shift 60
	SUPER  shift 61
	DCOPY  shift 62
	SCOPY  shift 63
	'-'  shift 65
	'!'  shift 66
	'('  shift 67
	'@'  shift 69
	'$'  shift 70
	'#'  shift 71
	IDENTIFIER  reduce 47

	Expr  goto 148
	LValue  goto 95
	Call  goto 96
	Receiver  goto 88
	Constant  goto 89
	CondExpr  goto 90


state 103
	CondExpr : CASE '(' . Expr ')' '{' AllCaseList '}'  (56)
	Receiver : .  (47)

	NULL  shift 47
	THIS  shift 48
	NEW  shift 54
	READ_INTEGER  shift 56
	READ_LINE  shift 57
	LITERAL  shift 58
	INSTANCEOF  shift 59
	CASE  shift 60
	SUPER  shift 61
	DCOPY  shift 62
	SCOPY  shift 63
	'-'  shift 65
	'!'  shift 66
	'('  shift 67
	'@'  shift 69
	'$'  shift 70
	'#'  shift 71
	IDENTIFIER  reduce 47

	Expr  goto 149
	LValue  goto 95
	Call  goto 96
	Receiver  goto 88
	Constant  goto 89
	CondExpr  goto 90


state 104
	Expr : DCOPY '(' . Expr ')'  (82)
	Receiver : .  (47)

	NULL  shift 47
	THIS  shift 48
	NEW  shift 54
	READ_INTEGER  shift 56
	READ_LINE  shift 57
	LITERAL  shift 58
	INSTANCEOF  shift 59
	CASE  shift 60
	SUPER  shift 61
	DCOPY  shift 62
	SCOPY  shift 63
	'-'  shift 65
	'!'  shift 66
	'('  shift 67
	'@'  shift 69
	'$'  shift 70
	'#'  shift 71
	IDENTIFIER  reduce 47

	Expr  goto 150
	LValue  goto 95
	Call  goto 96
	Receiver  goto 88
	Constant  goto 89
	CondExpr  goto 90


state 105
	Expr : SCOPY '(' . Expr ')'  (83)
	Receiver : .  (47)

	NULL  shift 47
	THIS  shift 48
	NEW  shift 54
	READ_INTEGER  shift 56
	READ_LINE  shift 57
	LITERAL  shift 58
	INSTANCEOF  shift 59
	CASE  shift 60
	SUPER  shift 61
	DCOPY  shift 62
	SCOPY  shift 63
	'-'  shift 65
	'!'  shift 66
	'('  shift 67
	'@'  shift 69
	'$'  shift 70
	'#'  shift 71
	IDENTIFIER  reduce 47

	Expr  goto 151
	LValue  goto 95
	Call  goto 96
	Receiver  goto 88
	Constant  goto 89
	CondExpr  goto 90


state 106
	DoStmt : DO DoBranchList . OD  (39)
	DoBranchList : DoBranchList . III DoBranch  (40)

	OD  shift 152
	III  shift 153
	.  error


state 107
	DoBranchList : DoBranch .  (41)

	.  reduce 41


state 108
	DoBranch : Expr . ':' Stmt  (42)
	Receiver : Expr . '.'  (46)
	LValue : Expr . '[' Expr ']'  (49)
	Expr : Expr . '+' Expr  (61)
	Expr : Expr . '-' Expr  (62)
	Expr : Expr . '*' Expr  (63)
	Expr : Expr . '/' Expr  (64)
	Expr : Expr . '%' Expr  (65)
	Expr : Expr . EQUAL Expr  (66)
	Expr : Expr . NOT_EQUAL Expr  (67)
	Expr : Expr . '<' Expr  (68)
	Expr : Expr . '>' Expr  (69)
	Expr : Expr . LESS_EQUAL Expr  (70)
	Expr : Expr . GREATER_EQUAL Expr  (71)
	Expr : Expr . AND Expr  (72)
	Expr : Expr . OR Expr  (73)

	AND  shift 122
	OR  shift 123
	LESS_EQUAL  shift 124
	GREATER_EQUAL  shift 125
	EQUAL  shift 126
	NOT_EQUAL  shift 127
	'+'  shift 128
	'-'  shift 129
	'*'  shift 130
	'/'  shift 131
	'%'  shift 132
	'>'  shift 133
	'<'  shift 134
	'.'  shift 135
	'['  shift 136
	':'  shift 154
	.  error


state 109
	Receiver : Expr . '.'  (46)
	LValue : Expr . '[' Expr ']'  (49)
	Expr : Expr . '+' Expr  (61)
	Expr : Expr . '-' Expr  (62)
	Expr : Expr . '*' Expr  (63)
	Expr : Expr . '/' Expr  (64)
	Expr : Expr . '%' Expr  (65)
	Expr : Expr . EQUAL Expr  (66)
	Expr : Expr . NOT_EQUAL Expr  (67)
	Expr : Expr . '<' Expr  (68)
	Expr : Expr . '>' Expr  (69)
	Expr : Expr . LESS_EQUAL Expr  (70)
	Expr : Expr . GREATER_EQUAL Expr  (71)
	Expr : Expr . AND Expr  (72)
	Expr : Expr . OR Expr  (73)
	Expr : '-' Expr .  (75)

	'.'  shift 135
	'['  shift 136
	AND  reduce 75
	OR  reduce 75
	LESS_EQUAL  reduce 75
	GREATER_EQUAL  reduce 75
	EQUAL  reduce 75
	NOT_EQUAL  reduce 75
	'+'  reduce 75
	'-'  reduce 75
	'*'  reduce 75
	'/'  reduce 75
	'%'  reduce 75
	'>'  reduce 75
	'<'  reduce 75
	','  reduce 75
	';'  reduce 75
	')'  reduce 75
	']'  reduce 75
	':'  reduce 75


state 110
	Receiver : Expr . '.'  (46)
	LValue : Expr . '[' Expr ']'  (49)
	Expr : Expr . '+' Expr  (61)
	Expr : Expr . '-' Expr  (62)
	Expr : Expr . '*' Expr  (63)
	Expr : Expr . '/' Expr  (64)
	Expr : Expr . '%' Expr  (65)
	Expr : Expr . EQUAL Expr  (66)
	Expr : Expr . NOT_EQUAL Expr  (67)
	Expr : Expr . '<' Expr  (68)
	Expr : Expr . '>' Expr  (69)
	Expr : Expr . LESS_EQUAL Expr  (70)
	Expr : Expr . GREATER_EQUAL Expr  (71)
	Expr : Expr . AND Expr  (72)
	Expr : Expr . OR Expr  (73)
	Expr : '!' Expr .  (76)

	'.'  shift 135
	'['  shift 136
	AND  reduce 76
	OR  reduce 76
	LESS_EQUAL  reduce 76
	GREATER_EQUAL  reduce 76
	EQUAL  reduce 76
	NOT_EQUAL  reduce 76
	'+'  reduce 76
	'-'  reduce 76
	'*'  reduce 76
	'/'  reduce 76
	'%'  reduce 76
	'>'  reduce 76
	'<'  reduce 76
	','  reduce 76
	';'  reduce 76
	')'  reduce 76
	']'  reduce 76
	':'  reduce 76


state 111
	Expr : '(' CLASS . IDENTIFIER ')' Expr  (89)

	IDENTIFIER  shift 155
	.  error


state 112
	Receiver : Expr . '.'  (46)
	LValue : Expr . '[' Expr ']'  (49)
	Expr : Expr . '+' Expr  (61)
	Expr : Expr . '-' Expr  (62)
	Expr : Expr . '*' Expr  (63)
	Expr : Expr . '/' Expr  (64)
	Expr : Expr . '%' Expr  (65)
	Expr : Expr . EQUAL Expr  (66)
	Expr : Expr . NOT_EQUAL Expr  (67)
	Expr : Expr . '<' Expr  (68)
	Expr : Expr . '>' Expr  (69)
	Expr : Expr . LESS_EQUAL Expr  (70)
	Expr : Expr . GREATER_EQUAL Expr  (71)
	Expr : Expr . AND Expr  (72)
	Expr : Expr . OR Expr  (73)
	Expr : '(' Expr . ')'  (74)

	AND  shift 122
	OR  shift 123
	LESS_EQUAL  shift 124
	GREATER_EQUAL  shift 125
	EQUAL  shift 126
	NOT_EQUAL  shift 127
	'+'  shift 128
	'-'  shift 129
	'*'  shift 130
	'/'  shift 131
	'%'  shift 132
	'>'  shift 133
	'<'  shift 134
	'.'  shift 135
	')'  shift 156
	'['  shift 136
	.  error


113: shift/reduce conflict (shift 122, reduce 77) on AND
113: shift/reduce conflict (shift 123, reduce 77) on OR
113: shift/reduce conflict (shift 124, reduce 77) on LESS_EQUAL
113: shift/reduce conflict (shift 125, reduce 77) on GREATER_EQUAL
113: shift/reduce conflict (shift 126, reduce 77) on EQUAL
113: shift/reduce conflict (shift 127, reduce 77) on NOT_EQUAL
113: shift/reduce conflict (shift 128, reduce 77) on '+'
113: shift/reduce conflict (shift 129, reduce 77) on '-'
113: shift/reduce conflict (shift 130, reduce 77) on '*'
113: shift/reduce conflict (shift 131, reduce 77) on '/'
113: shift/reduce conflict (shift 132, reduce 77) on '%'
113: shift/reduce conflict (shift 133, reduce 77) on '>'
113: shift/reduce conflict (shift 134, reduce 77) on '<'
113: shift/reduce conflict (shift 135, reduce 77) on '.'
113: shift/reduce conflict (shift 136, reduce 77) on '['
state 113
	Receiver : Expr . '.'  (46)
	LValue : Expr . '[' Expr ']'  (49)
	Expr : Expr . '+' Expr  (61)
	Expr : Expr . '-' Expr  (62)
	Expr : Expr . '*' Expr  (63)
	Expr : Expr . '/' Expr  (64)
	Expr : Expr . '%' Expr  (65)
	Expr : Expr . EQUAL Expr  (66)
	Expr : Expr . NOT_EQUAL Expr  (67)
	Expr : Expr . '<' Expr  (68)
	Expr : Expr . '>' Expr  (69)
	Expr : Expr . LESS_EQUAL Expr  (70)
	Expr : Expr . GREATER_EQUAL Expr  (71)
	Expr : Expr . AND Expr  (72)
	Expr : Expr . OR Expr  (73)
	Expr : '@' Expr .  (77)

	AND  shift 122
	OR  shift 123
	LESS_EQUAL  shift 124
	GREATER_EQUAL  shift 125
	EQUAL  shift 126
	NOT_EQUAL  shift 127
	'+'  shift 128
	'-'  shift 129
	'*'  shift 130
	'/'  shift 131
	'%'  shift 132
	'>'  shift 133
	'<'  shift 134
	'.'  shift 135
	'['  shift 136
	','  reduce 77
	';'  reduce 77
	')'  reduce 77
	']'  reduce 77
	':'  reduce 77


114: shift/reduce conflict (shift 122, reduce 78) on AND
114: shift/reduce conflict (shift 123, reduce 78) on OR
114: shift/reduce conflict (shift 124, reduce 78) on LESS_EQUAL
114: shift/reduce conflict (shift 125, reduce 78) on GREATER_EQUAL
114: shift/reduce conflict (shift 126, reduce 78) on EQUAL
114: shift/reduce conflict (shift 127, reduce 78) on NOT_EQUAL
114: shift/reduce conflict (shift 128, reduce 78) on '+'
114: shift/reduce conflict (shift 129, reduce 78) on '-'
114: shift/reduce conflict (shift 130, reduce 78) on '*'
114: shift/reduce conflict (shift 131, reduce 78) on '/'
114: shift/reduce conflict (shift 132, reduce 78) on '%'
114: shift/reduce conflict (shift 133, reduce 78) on '>'
114: shift/reduce conflict (shift 134, reduce 78) on '<'
114: shift/reduce conflict (shift 135, reduce 78) on '.'
114: shift/reduce conflict (shift 136, reduce 78) on '['
state 114
	Receiver : Expr . '.'  (46)
	LValue : Expr . '[' Expr ']'  (49)
	Expr : Expr . '+' Expr  (61)
	Expr : Expr . '-' Expr  (62)
	Expr : Expr . '*' Expr  (63)
	Expr : Expr . '/' Expr  (64)
	Expr : Expr . '%' Expr  (65)
	Expr : Expr . EQUAL Expr  (66)
	Expr : Expr . NOT_EQUAL Expr  (67)
	Expr : Expr . '<' Expr  (68)
	Expr : Expr . '>' Expr  (69)
	Expr : Expr . LESS_EQUAL Expr  (70)
	Expr : Expr . GREATER_EQUAL Expr  (71)
	Expr : Expr . AND Expr  (72)
	Expr : Expr . OR Expr  (73)
	Expr : '$' Expr .  (78)

	AND  shift 122
	OR  shift 123
	LESS_EQUAL  shift 124
	GREATER_EQUAL  shift 125
	EQUAL  shift 126
	NOT_EQUAL  shift 127
	'+'  shift 128
	'-'  shift 129
	'*'  shift 130
	'/'  shift 131
	'%'  shift 132
	'>'  shift 133
	'<'  shift 134
	'.'  shift 135
	'['  shift 136
	','  reduce 78
	';'  reduce 78
	')'  reduce 78
	']'  reduce 78
	':'  reduce 78


115: shift/reduce conflict (shift 122, reduce 79) on AND
115: shift/reduce conflict (shift 123, reduce 79) on OR
115: shift/reduce conflict (shift 124, reduce 79) on LESS_EQUAL
115: shift/reduce conflict (shift 125, reduce 79) on GREATER_EQUAL
115: shift/reduce conflict (shift 126, reduce 79) on EQUAL
115: shift/reduce conflict (shift 127, reduce 79) on NOT_EQUAL
115: shift/reduce conflict (shift 128, reduce 79) on '+'
115: shift/reduce conflict (shift 129, reduce 79) on '-'
115: shift/reduce conflict (shift 130, reduce 79) on '*'
115: shift/reduce conflict (shift 131, reduce 79) on '/'
115: shift/reduce conflict (shift 132, reduce 79) on '%'
115: shift/reduce conflict (shift 133, reduce 79) on '>'
115: shift/reduce conflict (shift 134, reduce 79) on '<'
115: shift/reduce conflict (shift 135, reduce 79) on '.'
115: shift/reduce conflict (shift 136, reduce 79) on '['
state 115
	Receiver : Expr . '.'  (46)
	LValue : Expr . '[' Expr ']'  (49)
	Expr : Expr . '+' Expr  (61)
	Expr : Expr . '-' Expr  (62)
	Expr : Expr . '*' Expr  (63)
	Expr : Expr . '/' Expr  (64)
	Expr : Expr . '%' Expr  (65)
	Expr : Expr . EQUAL Expr  (66)
	Expr : Expr . NOT_EQUAL Expr  (67)
	Expr : Expr . '<' Expr  (68)
	Expr : Expr . '>' Expr  (69)
	Expr : Expr . LESS_EQUAL Expr  (70)
	Expr : Expr . GREATER_EQUAL Expr  (71)
	Expr : Expr . AND Expr  (72)
	Expr : Expr . OR Expr  (73)
	Expr : '#' Expr .  (79)

	AND  shift 122
	OR  shift 123
	LESS_EQUAL  shift 124
	GREATER_EQUAL  shift 125
	EQUAL  shift 126
	NOT_EQUAL  shift 127
	'+'  shift 128
	'-'  shift 129
	'*'  shift 130
	'/'  shift 131
	'%'  shift 132
	'>'  shift 133
	'<'  shift 134
	'.'  shift 135
	'['  shift 136
	','  reduce 79
	';'  reduce 79
	')'  reduce 79
	']'  reduce 79
	':'  reduce 79


state 116
	PrintCompStmt : PRINT_COMP '(' . ExprList ')'  (105)
	Receiver : .  (47)

	NULL  shift 47
	THIS  shift 48
	NEW  shift 54
	READ_INTEGER  shift 56
	READ_LINE  shift 57
	LITERAL  shift 58
	INSTANCEOF  shift 59
	CASE  shift 60
	SUPER  shift 61
	DCOPY  shift 62
	SCOPY  shift 63
	'-'  shift 65
	'!'  shift 66
	'('  shift 67
	'@'  shift 69
	'$'  shift 70
	'#'  shift 71
	IDENTIFIER  reduce 47

	Expr  goto 144
	LValue  goto 95
	Call  goto 96
	Receiver  goto 88
	Constant  goto 89
	CondExpr  goto 90
	ExprList  goto 157


state 117
	Stmt : SimpleStmt ';' .  (29)

	.  reduce 29


state 118
	Stmt : ReturnStmt ';' .  (33)

	.  reduce 33


state 119
	Stmt : PrintStmt ';' .  (34)

	.  reduce 34


state 120
	Stmt : PrintCompStmt ';' .  (35)

	.  reduce 35


state 121
	Stmt : BreakStmt ';' .  (36)

	.  reduce 36


state 122
	Expr : Expr AND . Expr  (72)
	Receiver : .  (47)

	NULL  shift 47
	THIS  shift 48
	NEW  shift 54
	READ_INTEGER  shift 56
	READ_LINE  shift 57
	LITERAL  shift 58
	INSTANCEOF  shift 59
	CASE  shift 60
	SUPER  shift 61
	DCOPY  shift 62
	SCOPY  shift 63
	'-'  shift 65
	'!'  shift 66
	'('  shift 67
	'@'  shift 69
	'$'  shift 70
	'#'  shift 71
	IDENTIFIER  reduce 47

	Expr  goto 158
	LValue  goto 95
	Call  goto 96
	Receiver  goto 88
	Constant  goto 89
	CondExpr  goto 90


state 123
	Expr : Expr OR . Expr  (73)
	Receiver : .  (47)

	NULL  shift 47
	THIS  shift 48
	NEW  shift 54
	READ_INTEGER  shift 56
	READ_LINE  shift 57
	LITERAL  shift 58
	INSTANCEOF  shift 59
	CASE  shift 60
	SUPER  shift 61
	DCOPY  shift 62
	SCOPY  shift 63
	'-'  shift 65
	'!'  shift 66
	'('  shift 67
	'@'  shift 69
	'$'  shift 70
	'#'  shift 71
	IDENTIFIER  reduce 47

	Expr  goto 159
	LValue  goto 95
	Call  goto 96
	Receiver  goto 88
	Constant  goto 89
	CondExpr  goto 90


state 124
	Expr : Expr LESS_EQUAL . Expr  (70)
	Receiver : .  (47)

	NULL  shift 47
	THIS  shift 48
	NEW  shift 54
	READ_INTEGER  shift 56
	READ_LINE  shift 57
	LITERAL  shift 58
	INSTANCEOF  shift 59
	CASE  shift 60
	SUPER  shift 61
	DCOPY  shift 62
	SCOPY  shift 63
	'-'  shift 65
	'!'  shift 66
	'('  shift 67
	'@'  shift 69
	'$'  shift 70
	'#'  shift 71
	IDENTIFIER  reduce 47

	Expr  goto 160
	LValue  goto 95
	Call  goto 96
	Receiver  goto 88
	Constant  goto 89
	CondExpr  goto 90


state 125
	Expr : Expr GREATER_EQUAL . Expr  (71)
	Receiver : .  (47)

	NULL  shift 47
	THIS  shift 48
	NEW  shift 54
	READ_INTEGER  shift 56
	READ_LINE  shift 57
	LITERAL  shift 58
	INSTANCEOF  shift 59
	CASE  shift 60
	SUPER  shift 61
	DCOPY  shift 62
	SCOPY  shift 63
	'-'  shift 65
	'!'  shift 66
	'('  shift 67
	'@'  shift 69
	'$'  shift 70
	'#'  shift 71
	IDENTIFIER  reduce 47

	Expr  goto 161
	LValue  goto 95
	Call  goto 96
	Receiver  goto 88
	Constant  goto 89
	CondExpr  goto 90


state 126
	Expr : Expr EQUAL . Expr  (66)
	Receiver : .  (47)

	NULL  shift 47
	THIS  shift 48
	NEW  shift 54
	READ_INTEGER  shift 56
	READ_LINE  shift 57
	LITERAL  shift 58
	INSTANCEOF  shift 59
	CASE  shift 60
	SUPER  shift 61
	DCOPY  shift 62
	SCOPY  shift 63
	'-'  shift 65
	'!'  shift 66
	'('  shift 67
	'@'  shift 69
	'$'  shift 70
	'#'  shift 71
	IDENTIFIER  reduce 47

	Expr  goto 162
	LValue  goto 95
	Call  goto 96
	Receiver  goto 88
	Constant  goto 89
	CondExpr  goto 90


state 127
	Expr : Expr NOT_EQUAL . Expr  (67)
	Receiver : .  (47)

	NULL  shift 47
	THIS  shift 48
	NEW  shift 54
	READ_INTEGER  shift 56
	READ_LINE  shift 57
	LITERAL  shift 58
	INSTANCEOF  shift 59
	CASE  shift 60
	SUPER  shift 61
	DCOPY  shift 62
	SCOPY  shift 63
	'-'  shift 65
	'!'  shift 66
	'('  shift 67
	'@'  shift 69
	'$'  shift 70
	'#'  shift 71
	IDENTIFIER  reduce 47

	Expr  goto 163
	LValue  goto 95
	Call  goto 96
	Receiver  goto 88
	Constant  goto 89
	CondExpr  goto 90


state 128
	Expr : Expr '+' . Expr  (61)
	Receiver : .  (47)

	NULL  shift 47
	THIS  shift 48
	NEW  shift 54
	READ_INTEGER  shift 56
	READ_LINE  shift 57
	LITERAL  shift 58
	INSTANCEOF  shift 59
	CASE  shift 60
	SUPER  shift 61
	DCOPY  shift 62
	SCOPY  shift 63
	'-'  shift 65
	'!'  shift 66
	'('  shift 67
	'@'  shift 69
	'$'  shift 70
	'#'  shift 71
	IDENTIFIER  reduce 47

	Expr  goto 164
	LValue  goto 95
	Call  goto 96
	Receiver  goto 88
	Constant  goto 89
	CondExpr  goto 90


state 129
	Expr : Expr '-' . Expr  (62)
	Receiver : .  (47)

	NULL  shift 47
	THIS  shift 48
	NEW  shift 54
	READ_INTEGER  shift 56
	READ_LINE  shift 57
	LITERAL  shift 58
	INSTANCEOF  shift 59
	CASE  shift 60
	SUPER  shift 61
	DCOPY  shift 62
	SCOPY  shift 63
	'-'  shift 65
	'!'  shift 66
	'('  shift 67
	'@'  shift 69
	'$'  shift 70
	'#'  shift 71
	IDENTIFIER  reduce 47

	Expr  goto 165
	LValue  goto 95
	Call  goto 96
	Receiver  goto 88
	Constant  goto 89
	CondExpr  goto 90


state 130
	Expr : Expr '*' . Expr  (63)
	Receiver : .  (47)

	NULL  shift 47
	THIS  shift 48
	NEW  shift 54
	READ_INTEGER  shift 56
	READ_LINE  shift 57
	LITERAL  shift 58
	INSTANCEOF  shift 59
	CASE  shift 60
	SUPER  shift 61
	DCOPY  shift 62
	SCOPY  shift 63
	'-'  shift 65
	'!'  shift 66
	'('  shift 67
	'@'  shift 69
	'$'  shift 70
	'#'  shift 71
	IDENTIFIER  reduce 47

	Expr  goto 166
	LValue  goto 95
	Call  goto 96
	Receiver  goto 88
	Constant  goto 89
	CondExpr  goto 90


state 131
	Expr : Expr '/' . Expr  (64)
	Receiver : .  (47)

	NULL  shift 47
	THIS  shift 48
	NEW  shift 54
	READ_INTEGER  shift 56
	READ_LINE  shift 57
	LITERAL  shift 58
	INSTANCEOF  shift 59
	CASE  shift 60
	SUPER  shift 61
	DCOPY  shift 62
	SCOPY  shift 63
	'-'  shift 65
	'!'  shift 66
	'('  shift 67
	'@'  shift 69
	'$'  shift 70
	'#'  shift 71
	IDENTIFIER  reduce 47

	Expr  goto 167
	LValue  goto 95
	Call  goto 96
	Receiver  goto 88
	Constant  goto 89
	CondExpr  goto 90


state 132
	Expr : Expr '%' . Expr  (65)
	Receiver : .  (47)

	NULL  shift 47
	THIS  shift 48
	NEW  shift 54
	READ_INTEGER  shift 56
	READ_LINE  shift 57
	LITERAL  shift 58
	INSTANCEOF  shift 59
	CASE  shift 60
	SUPER  shift 61
	DCOPY  shift 62
	SCOPY  shift 63
	'-'  shift 65
	'!'  shift 66
	'('  shift 67
	'@'  shift 69
	'$'  shift 70
	'#'  shift 71
	IDENTIFIER  reduce 47

	Expr  goto 168
	LValue  goto 95
	Call  goto 96
	Receiver  goto 88
	Constant  goto 89
	CondExpr  goto 90


state 133
	Expr : Expr '>' . Expr  (69)
	Receiver : .  (47)

	NULL  shift 47
	THIS  shift 48
	NEW  shift 54
	READ_INTEGER  shift 56
	READ_LINE  shift 57
	LITERAL  shift 58
	INSTANCEOF  shift 59
	CASE  shift 60
	SUPER  shift 61
	DCOPY  shift 62
	SCOPY  shift 63
	'-'  shift 65
	'!'  shift 66
	'('  shift 67
	'@'  shift 69
	'$'  shift 70
	'#'  shift 71
	IDENTIFIER  reduce 47

	Expr  goto 169
	LValue  goto 95
	Call  goto 96
	Receiver  goto 88
	Constant  goto 89
	CondExpr  goto 90


state 134
	Expr : Expr '<' . Expr  (68)
	Receiver : .  (47)

	NULL  shift 47
	THIS  shift 48
	NEW  shift 54
	READ_INTEGER  shift 56
	READ_LINE  shift 57
	LITERAL  shift 58
	INSTANCEOF  shift 59
	CASE  shift 60
	SUPER  shift 61
	DCOPY  shift 62
	SCOPY  shift 63
	'-'  shift 65
	'!'  shift 66
	'('  shift 67
	'@'  shift 69
	'$'  shift 70
	'#'  shift 71
	IDENTIFIER  reduce 47

	Expr  goto 170
	LValue  goto 95
	Call  goto 96
	Receiver  goto 88
	Constant  goto 89
	CondExpr  goto 90


state 135
	Receiver : Expr '.' .  (46)

	.  reduce 46


state 136
	LValue : Expr '[' . Expr ']'  (49)
	Receiver : .  (47)

	NULL  shift 47
	THIS  shift 48
	NEW  shift 54
	READ_INTEGER  shift 56
	READ_LINE  shift 57
	LITERAL  shift 58
	INSTANCEOF  shift 59
	CASE  shift 60
	SUPER  shift 61
	DCOPY  shift 62
	SCOPY  shift 63
	'-'  shift 65
	'!'  shift 66
	'('  shift 67
	'@'  shift 69
	'$'  shift 70
	'#'  shift 71
	IDENTIFIER  reduce 47

	Expr  goto 171
	LValue  goto 95
	Call  goto 96
	Receiver  goto 88
	Constant  goto 89
	CondExpr  goto 90


state 137
	SimpleStmt : LValue '=' . Expr  (43)
	Receiver : .  (47)

	NULL  shift 47
	THIS  shift 48
	NEW  shift 54
	READ_INTEGER  shift 56
	READ_LINE  shift 57
	LITERAL  shift 58
	INSTANCEOF  shift 59
	CASE  shift 60
	SUPER  shift 61
	DCOPY  shift 62
	SCOPY  shift 63
	'-'  shift 65
	'!'  shift 66
	'('  shift 67
	'@'  shift 69
	'$'  shift 70
	'#'  shift 71
	IDENTIFIER  reduce 47

	Expr  goto 172
	LValue  goto 95
	Call  goto 96
	Receiver  goto 88
	Constant  goto 89
	CondExpr  goto 90


state 138
	LValue : Receiver IDENTIFIER .  (48)
	Call : Receiver IDENTIFIER . '(' Actuals ')'  (50)

	'('  shift 173
	AND  reduce 48
	OR  reduce 48
	LESS_EQUAL  reduce 48
	GREATER_EQUAL  reduce 48
	EQUAL  reduce 48
	NOT_EQUAL  reduce 48
	'+'  reduce 48
	'-'  reduce 48
	'*'  reduce 48
	'/'  reduce 48
	'%'  reduce 48
	'='  reduce 48
	'>'  reduce 48
	'<'  reduce 48
	'.'  reduce 48
	','  reduce 48
	';'  reduce 48
	')'  reduce 48
	'['  reduce 48
	']'  reduce 48
	':'  reduce 48


state 139
	Receiver : Expr . '.'  (46)
	LValue : Expr . '[' Expr ']'  (49)
	Expr : Expr . '+' Expr  (61)
	Expr : Expr . '-' Expr  (62)
	Expr : Expr . '*' Expr  (63)
	Expr : Expr . '/' Expr  (64)
	Expr : Expr . '%' Expr  (65)
	Expr : Expr . EQUAL Expr  (66)
	Expr : Expr . NOT_EQUAL Expr  (67)
	Expr : Expr . '<' Expr  (68)
	Expr : Expr . '>' Expr  (69)
	Expr : Expr . LESS_EQUAL Expr  (70)
	Expr : Expr . GREATER_EQUAL Expr  (71)
	Expr : Expr . AND Expr  (72)
	Expr : Expr . OR Expr  (73)
	WhileStmt : WHILE '(' Expr . ')' Stmt  (96)

	AND  shift 122
	OR  shift 123
	LESS_EQUAL  shift 124
	GREATER_EQUAL  shift 125
	EQUAL  shift 126
	NOT_EQUAL  shift 127
	'+'  shift 128
	'-'  shift 129
	'*'  shift 130
	'/'  shift 131
	'%'  shift 132
	'>'  shift 133
	'<'  shift 134
	'.'  shift 135
	')'  shift 174
	'['  shift 136
	.  error


state 140
	ForStmt : FOR '(' SimpleStmt . ';' Expr ';' SimpleStmt ')' Stmt  (97)

	';'  shift 175
	.  error


state 141
	Receiver : Expr . '.'  (46)
	LValue : Expr . '[' Expr ']'  (49)
	Expr : Expr . '+' Expr  (61)
	Expr : Expr . '-' Expr  (62)
	Expr : Expr . '*' Expr  (63)
	Expr : Expr . '/' Expr  (64)
	Expr : Expr . '%' Expr  (65)
	Expr : Expr . EQUAL Expr  (66)
	Expr : Expr . NOT_EQUAL Expr  (67)
	Expr : Expr . '<' Expr  (68)
	Expr : Expr . '>' Expr  (69)
	Expr : Expr . LESS_EQUAL Expr  (70)
	Expr : Expr . GREATER_EQUAL Expr  (71)
	Expr : Expr . AND Expr  (72)
	Expr : Expr . OR Expr  (73)
	IfStmt : IF '(' Expr . ')' Stmt ElseClause  (99)

	AND  shift 122
	OR  shift 123
	LESS_EQUAL  shift 124
	GREATER_EQUAL  shift 125
	EQUAL  shift 126
	NOT_EQUAL  shift 127
	'+'  shift 128
	'-'  shift 129
	'*'  shift 130
	'/'  shift 131
	'%'  shift 132
	'>'  shift 133
	'<'  shift 134
	'.'  shift 135
	')'  shift 176
	'['  shift 136
	.  error


state 142
	Expr : NEW IDENTIFIER '(' . ')'  (86)

	')'  shift 177
	.  error


state 143
	Type : Type '[' . ']'  (12)
	Expr : NEW Type '[' . Expr ']'  (87)
	Receiver : .  (47)

	NULL  shift 47
	THIS  shift 48
	NEW  shift 54
	READ_INTEGER  shift 56
	READ_LINE  shift 57
	LITERAL  shift 58
	INSTANCEOF  shift 59
	CASE  shift 60
	SUPER  shift 61
	DCOPY  shift 62
	SCOPY  shift 63
	'-'  shift 65
	'!'  shift 66
	'('  shift 67
	']'  shift 31
	'@'  shift 69
	'$'  shift 70
	'#'  shift 71
	IDENTIFIER  reduce 47

	Expr  goto 178
	LValue  goto 95
	Call  goto 96
	Receiver  goto 88
	Constant  goto 89
	CondExpr  goto 90


state 144
	Receiver : Expr . '.'  (46)
	LValue : Expr . '[' Expr ']'  (49)
	Expr : Expr . '+' Expr  (61)
	Expr : Expr . '-' Expr  (62)
	Expr : Expr . '*' Expr  (63)
	Expr : Expr . '/' Expr  (64)
	Expr : Expr . '%' Expr  (65)
	Expr : Expr . EQUAL Expr  (66)
	Expr : Expr . NOT_EQUAL Expr  (67)
	Expr : Expr . '<' Expr  (68)
	Expr : Expr . '>' Expr  (69)
	Expr : Expr . LESS_EQUAL Expr  (70)
	Expr : Expr . GREATER_EQUAL Expr  (71)
	Expr : Expr . AND Expr  (72)
	Expr : Expr . OR Expr  (73)
	ExprList : Expr .  (95)

	AND  shift 122
	OR  shift 123
	LESS_EQUAL  shift 124
	GREATER_EQUAL  shift 125
	EQUAL  shift 126
	NOT_EQUAL  shift 127
	'+'  shift 128
	'-'  shift 129
	'*'  shift 130
	'/'  shift 131
	'%'  shift 132
	'>'  shift 133
	'<'  shift 134
	'.'  shift 135
	'['  shift 136
	','  reduce 95
	')'  reduce 95


state 145
	ExprList : ExprList . ',' Expr  (94)
	PrintStmt : PRINT '(' ExprList . ')'  (104)

	','  shift 179
	')'  shift 180
	.  error


state 146
	Expr : READ_INTEGER '(' ')' .  (80)

	.  reduce 80


state 147
	Expr : READ_LINE '(' ')' .  (81)

	.  reduce 81


state 148
	Receiver : Expr . '.'  (46)
	LValue : Expr . '[' Expr ']'  (49)
	Expr : Expr . '+' Expr  (61)
	Expr : Expr . '-' Expr  (62)
	Expr : Expr . '*' Expr  (63)
	Expr : Expr . '/' Expr  (64)
	Expr : Expr . '%' Expr  (65)
	Expr : Expr . EQUAL Expr  (66)
	Expr : Expr . NOT_EQUAL Expr  (67)
	Expr : Expr . '<' Expr  (68)
	Expr : Expr . '>' Expr  (69)
	Expr : Expr . LESS_EQUAL Expr  (70)
	Expr : Expr . GREATER_EQUAL Expr  (71)
	Expr : Expr . AND Expr  (72)
	Expr : Expr . OR Expr  (73)
	Expr : INSTANCEOF '(' Expr . ',' IDENTIFIER ')'  (88)

	AND  shift 122
	OR  shift 123
	LESS_EQUAL  shift 124
	GREATER_EQUAL  shift 125
	EQUAL  shift 126
	NOT_EQUAL  shift 127
	'+'  shift 128
	'-'  shift 129
	'*'  shift 130
	'/'  shift 131
	'%'  shift 132
	'>'  shift 133
	'<'  shift 134
	'.'  shift 135
	','  shift 181
	'['  shift 136
	.  error


state 149
	Receiver : Expr . '.'  (46)
	LValue : Expr . '[' Expr ']'  (49)
	CondExpr : CASE '(' Expr . ')' '{' AllCaseList '}'  (56)
	Expr : Expr . '+' Expr  (61)
	Expr : Expr . '-' Expr  (62)
	Expr : Expr . '*' Expr  (63)
	Expr : Expr . '/' Expr  (64)
	Expr : Expr . '%' Expr  (65)
	Expr : Expr . EQUAL Expr  (66)
	Expr : Expr . NOT_EQUAL Expr  (67)
	Expr : Expr . '<' Expr  (68)
	Expr : Expr . '>' Expr  (69)
	Expr : Expr . LESS_EQUAL Expr  (70)
	Expr : Expr . GREATER_EQUAL Expr  (71)
	Expr : Expr . AND Expr  (72)
	Expr : Expr . OR Expr  (73)

	AND  shift 122
	OR  shift 123
	LESS_EQUAL  shift 124
	GREATER_EQUAL  shift 125
	EQUAL  shift 126
	NOT_EQUAL  shift 127
	'+'  shift 128
	'-'  shift 129
	'*'  shift 130
	'/'  shift 131
	'%'  shift 132
	'>'  shift 133
	'<'  shift 134
	'.'  shift 135
	')'  shift 182
	'['  shift 136
	.  error


state 150
	Receiver : Expr . '.'  (46)
	LValue : Expr . '[' Expr ']'  (49)
	Expr : Expr . '+' Expr  (61)
	Expr : Expr . '-' Expr  (62)
	Expr : Expr . '*' Expr  (63)
	Expr : Expr . '/' Expr  (64)
	Expr : Expr . '%' Expr  (65)
	Expr : Expr . EQUAL Expr  (66)
	Expr : Expr . NOT_EQUAL Expr  (67)
	Expr : Expr . '<' Expr  (68)
	Expr : Expr . '>' Expr  (69)
	Expr : Expr . LESS_EQUAL Expr  (70)
	Expr : Expr . GREATER_EQUAL Expr  (71)
	Expr : Expr . AND Expr  (72)
	Expr : Expr . OR Expr  (73)
	Expr : DCOPY '(' Expr . ')'  (82)

	AND  shift 122
	OR  shift 123
	LESS_EQUAL  shift 124
	GREATER_EQUAL  shift 125
	EQUAL  shift 126
	NOT_EQUAL  shift 127
	'+'  shift 128
	'-'  shift 129
	'*'  shift 130
	'/'  shift 131
	'%'  shift 132
	'>'  shift 133
	'<'  shift 134
	'.'  shift 135
	')'  shift 183
	'['  shift 136
	.  error


state 151
	Receiver : Expr . '.'  (46)
	LValue : Expr . '[' Expr ']'  (49)
	Expr : Expr . '+' Expr  (61)
	Expr : Expr . '-' Expr  (62)
	Expr : Expr . '*' Expr  (63)
	Expr : Expr . '/' Expr  (64)
	Expr : Expr . '%' Expr  (65)
	Expr : Expr . EQUAL Expr  (66)
	Expr : Expr . NOT_EQUAL Expr  (67)
	Expr : Expr . '<' Expr  (68)
	Expr : Expr . '>' Expr  (69)
	Expr : Expr . LESS_EQUAL Expr  (70)
	Expr : Expr . GREATER_EQUAL Expr  (71)
	Expr : Expr . AND Expr  (72)
	Expr : Expr . OR Expr  (73)
	Expr : SCOPY '(' Expr . ')'  (83)

	AND  shift 122
	OR  shift 123
	LESS_EQUAL  shift 124
	GREATER_EQUAL  shift 125
	EQUAL  shift 126
	NOT_EQUAL  shift 127
	'+'  shift 128
	'-'  shift 129
	'*'  shift 130
	'/'  shift 131
	'%'  shift 132
	'>'  shift 133
	'<'  shift 134
	'.'  shift 135
	')'  shift 184
	'['  shift 136
	.  error


state 152
	DoStmt : DO DoBranchList OD .  (39)

	.  reduce 39


state 153
	DoBranchList : DoBranchList III . DoBranch  (40)
	Receiver : .  (47)

	NULL  shift 47
	THIS  shift 48
	NEW  shift 54
	READ_INTEGER  shift 56
	READ_LINE  shift 57
	LITERAL  shift 58
	INSTANCEOF  shift 59
	CASE  shift 60
	SUPER  shift 61
	DCOPY  shift 62
	SCOPY  shift 63
	'-'  shift 65
	'!'  shift 66
	'('  shift 67
	'@'  shift 69
	'$'  shift 70
	'#'  shift 71
	IDENTIFIER  reduce 47

	DoBranch  goto 185
	Expr  goto 108
	LValue  goto 95
	Call  goto 96
	Receiver  goto 88
	Constant  goto 89
	CondExpr  goto 90


state 154
	DoBranch : Expr ':' . Stmt  (42)
	SimpleStmt : .  (45)
	Receiver : .  (47)

	VOID  shift 12
	BOOL  shift 13
	INT  shift 14
	STRING  shift 15
	CLASS  shift 16
	COMPLEX  shift 17
	NULL  shift 47
	THIS  shift 48
	WHILE  shift 49
	FOR  shift 50
	IF  shift 51
	RETURN  shift 52
	BREAK  shift 53
	NEW  shift 54
	PRINT  shift 55
	READ_INTEGER  shift 56
	READ_LINE  shift 57
	LITERAL  shift 58
	INSTANCEOF  shift 59
	CASE  shift 60
	SUPER  shift 61
	DCOPY  shift 62
	SCOPY  shift 63
	DO  shift 64
	'-'  shift 65
	'!'  shift 66
	'('  shift 67
	'{'  shift 42
	'@'  shift 69
	'$'  shift 70
	'#'  shift 71
	PRINT_COMP  shift 72
	IDENTIFIER  reduce 47
	';'  reduce 45

	VariableDef  goto 73
	Variable  goto 21
	Type  goto 34
	StmtBlock  goto 74
	Stmt  goto 186
	SimpleStmt  goto 76
	IfStmt  goto 77
	WhileStmt  goto 78
	ForStmt  goto 79
	ReturnStmt  goto 80
	PrintStmt  goto 81
	PrintCompStmt  goto 82
	BreakStmt  goto 83
	DoStmt  goto 84
	Expr  goto 85
	LValue  goto 86
	Call  goto 87
	Receiver  goto 88
	Constant  goto 89
	CondExpr  goto 90


state 155
	Expr : '(' CLASS IDENTIFIER . ')' Expr  (89)

	')'  shift 187
	.  error


state 156
	Expr : '(' Expr ')' .  (74)

	.  reduce 74


state 157
	ExprList : ExprList . ',' Expr  (94)
	PrintCompStmt : PRINT_COMP '(' ExprList . ')'  (105)

	','  shift 179
	')'  shift 188
	.  error


state 158
	Receiver : Expr . '.'  (46)
	LValue : Expr . '[' Expr ']'  (49)
	Expr : Expr . '+' Expr  (61)
	Expr : Expr . '-' Expr  (62)
	Expr : Expr . '*' Expr  (63)
	Expr : Expr . '/' Expr  (64)
	Expr : Expr . '%' Expr  (65)
	Expr : Expr . EQUAL Expr  (66)
	Expr : Expr . NOT_EQUAL Expr  (67)
	Expr : Expr . '<' Expr  (68)
	Expr : Expr . '>' Expr  (69)
	Expr : Expr . LESS_EQUAL Expr  (70)
	Expr : Expr . GREATER_EQUAL Expr  (71)
	Expr : Expr . AND Expr  (72)
	Expr : Expr AND Expr .  (72)
	Expr : Expr . OR Expr  (73)

	LESS_EQUAL  shift 124
	GREATER_EQUAL  shift 125
	EQUAL  shift 126
	NOT_EQUAL  shift 127
	'+'  shift 128
	'-'  shift 129
	'*'  shift 130
	'/'  shift 131
	'%'  shift 132
	'>'  shift 133
	'<'  shift 134
	'.'  shift 135
	'['  shift 136
	AND  reduce 72
	OR  reduce 72
	','  reduce 72
	';'  reduce 72
	')'  reduce 72
	']'  reduce 72
	':'  reduce 72


state 159
	Receiver : Expr . '.'  (46)
	LValue : Expr . '[' Expr ']'  (49)
	Expr : Expr . '+' Expr  (61)
	Expr : Expr . '-' Expr  (62)
	Expr : Expr . '*' Expr  (63)
	Expr : Expr . '/' Expr  (64)
	Expr : Expr . '%' Expr  (65)
	Expr : Expr . EQUAL Expr  (66)
	Expr : Expr . NOT_EQUAL Expr  (67)
	Expr : Expr . '<' Expr  (68)
	Expr : Expr . '>' Expr  (69)
	Expr : Expr . LESS_EQUAL Expr  (70)
	Expr : Expr . GREATER_EQUAL Expr  (71)
	Expr : Expr . AND Expr  (72)
	Expr : Expr . OR Expr  (73)
	Expr : Expr OR Expr .  (73)

	AND  shift 122
	LESS_EQUAL  shift 124
	GREATER_EQUAL  shift 125
	EQUAL  shift 126
	NOT_EQUAL  shift 127
	'+'  shift 128
	'-'  shift 129
	'*'  shift 130
	'/'  shift 131
	'%'  shift 132
	'>'  shift 133
	'<'  shift 134
	'.'  shift 135
	'['  shift 136
	OR  reduce 73
	','  reduce 73
	';'  reduce 73
	')'  reduce 73
	']'  reduce 73
	':'  reduce 73


state 160
	Receiver : Expr . '.'  (46)
	LValue : Expr . '[' Expr ']'  (49)
	Expr : Expr . '+' Expr  (61)
	Expr : Expr . '-' Expr  (62)
	Expr : Expr . '*' Expr  (63)
	Expr : Expr . '/' Expr  (64)
	Expr : Expr . '%' Expr  (65)
	Expr : Expr . EQUAL Expr  (66)
	Expr : Expr . NOT_EQUAL Expr  (67)
	Expr : Expr . '<' Expr  (68)
	Expr : Expr . '>' Expr  (69)
	Expr : Expr . LESS_EQUAL Expr  (70)
	Expr : Expr LESS_EQUAL Expr .  (70)
	Expr : Expr . GREATER_EQUAL Expr  (71)
	Expr : Expr . AND Expr  (72)
	Expr : Expr . OR Expr  (73)

	'+'  shift 128
	'-'  shift 129
	'*'  shift 130
	'/'  shift 131
	'%'  shift 132
	'.'  shift 135
	'['  shift 136
	AND  reduce 70
	OR  reduce 70
	EQUAL  reduce 70
	NOT_EQUAL  reduce 70
	','  reduce 70
	';'  reduce 70
	')'  reduce 70
	']'  reduce 70
	':'  reduce 70


state 161
	Receiver : Expr . '.'  (46)
	LValue : Expr . '[' Expr ']'  (49)
	Expr : Expr . '+' Expr  (61)
	Expr : Expr . '-' Expr  (62)
	Expr : Expr . '*' Expr  (63)
	Expr : Expr . '/' Expr  (64)
	Expr : Expr . '%' Expr  (65)
	Expr : Expr . EQUAL Expr  (66)
	Expr : Expr . NOT_EQUAL Expr  (67)
	Expr : Expr . '<' Expr  (68)
	Expr : Expr . '>' Expr  (69)
	Expr : Expr . LESS_EQUAL Expr  (70)
	Expr : Expr . GREATER_EQUAL Expr  (71)
	Expr : Expr GREATER_EQUAL Expr .  (71)
	Expr : Expr . AND Expr  (72)
	Expr : Expr . OR Expr  (73)

	'+'  shift 128
	'-'  shift 129
	'*'  shift 130
	'/'  shift 131
	'%'  shift 132
	'.'  shift 135
	'['  shift 136
	AND  reduce 71
	OR  reduce 71
	EQUAL  reduce 71
	NOT_EQUAL  reduce 71
	','  reduce 71
	';'  reduce 71
	')'  reduce 71
	']'  reduce 71
	':'  reduce 71


state 162
	Receiver : Expr . '.'  (46)
	LValue : Expr . '[' Expr ']'  (49)
	Expr : Expr . '+' Expr  (61)
	Expr : Expr . '-' Expr  (62)
	Expr : Expr . '*' Expr  (63)
	Expr : Expr . '/' Expr  (64)
	Expr : Expr . '%' Expr  (65)
	Expr : Expr . EQUAL Expr  (66)
	Expr : Expr EQUAL Expr .  (66)
	Expr : Expr . NOT_EQUAL Expr  (67)
	Expr : Expr . '<' Expr  (68)
	Expr : Expr . '>' Expr  (69)
	Expr : Expr . LESS_EQUAL Expr  (70)
	Expr : Expr . GREATER_EQUAL Expr  (71)
	Expr : Expr . AND Expr  (72)
	Expr : Expr . OR Expr  (73)

	LESS_EQUAL  shift 124
	GREATER_EQUAL  shift 125
	'+'  shift 128
	'-'  shift 129
	'*'  shift 130
	'/'  shift 131
	'%'  shift 132
	'>'  shift 133
	'<'  shift 134
	'.'  shift 135
	'['  shift 136
	AND  reduce 66
	OR  reduce 66
	','  reduce 66
	';'  reduce 66
	')'  reduce 66
	']'  reduce 66
	':'  reduce 66


state 163
	Receiver : Expr . '.'  (46)
	LValue : Expr . '[' Expr ']'  (49)
	Expr : Expr . '+' Expr  (61)
	Expr : Expr . '-' Expr  (62)
	Expr : Expr . '*' Expr  (63)
	Expr : Expr . '/' Expr  (64)
	Expr : Expr . '%' Expr  (65)
	Expr : Expr . EQUAL Expr  (66)
	Expr : Expr . NOT_EQUAL Expr  (67)
	Expr : Expr NOT_EQUAL Expr .  (67)
	Expr : Expr . '<' Expr  (68)
	Expr : Expr . '>' Expr  (69)
	Expr : Expr . LESS_EQUAL Expr  (70)
	Expr : Expr . GREATER_EQUAL Expr  (71)
	Expr : Expr . AND Expr  (72)
	Expr : Expr . OR Expr  (73)

	LESS_EQUAL  shift 124
	GREATER_EQUAL  shift 125
	'+'  shift 128
	'-'  shift 129
	'*'  shift 130
	'/'  shift 131
	'%'  shift 132
	'>'  shift 133
	'<'  shift 134
	'.'  shift 135
	'['  shift 136
	AND  reduce 67
	OR  reduce 67
	','  reduce 67
	';'  reduce 67
	')'  reduce 67
	']'  reduce 67
	':'  reduce 67


state 164
	Receiver : Expr . '.'  (46)
	LValue : Expr . '[' Expr ']'  (49)
	Expr : Expr . '+' Expr  (61)
	Expr : Expr '+' Expr .  (61)
	Expr : Expr . '-' Expr  (62)
	Expr : Expr . '*' Expr  (63)
	Expr : Expr . '/' Expr  (64)
	Expr : Expr . '%' Expr  (65)
	Expr : Expr . EQUAL Expr  (66)
	Expr : Expr . NOT_EQUAL Expr  (67)
	Expr : Expr . '<' Expr  (68)
	Expr : Expr . '>' Expr  (69)
	Expr : Expr . LESS_EQUAL Expr  (70)
	Expr : Expr . GREATER_EQUAL Expr  (71)
	Expr : Expr . AND Expr  (72)
	Expr : Expr . OR Expr  (73)

	'*'  shift 130
	'/'  shift 131
	'%'  shift 132
	'.'  shift 135
	'['  shift 136
	AND  reduce 61
	OR  reduce 61
	LESS_EQUAL  reduce 61
	GREATER_EQUAL  reduce 61
	EQUAL  reduce 61
	NOT_EQUAL  reduce 61
	'+'  reduce 61
	'-'  reduce 61
	'>'  reduce 61
	'<'  reduce 61
	','  reduce 61
	';'  reduce 61
	')'  reduce 61
	']'  reduce 61
	':'  reduce 61


state 165
	Receiver : Expr . '.'  (46)
	LValue : Expr . '[' Expr ']'  (49)
	Expr : Expr . '+' Expr  (61)
	Expr : Expr . '-' Expr  (62)
	Expr : Expr '-' Expr .  (62)
	Expr : Expr . '*' Expr  (63)
	Expr : Expr . '/' Expr  (64)
	Expr : Expr . '%' Expr  (65)
	Expr : Expr . EQUAL Expr  (66)
	Expr : Expr . NOT_EQUAL Expr  (67)
	Expr : Expr . '<' Expr  (68)
	Expr : Expr . '>' Expr  (69)
	Expr : Expr . LESS_EQUAL Expr  (70)
	Expr : Expr . GREATER_EQUAL Expr  (71)
	Expr : Expr . AND Expr  (72)
	Expr : Expr . OR Expr  (73)

	'*'  shift 130
	'/'  shift 131
	'%'  shift 132
	'.'  shift 135
	'['  shift 136
	AND  reduce 62
	OR  reduce 62
	LESS_EQUAL  reduce 62
	GREATER_EQUAL  reduce 62
	EQUAL  reduce 62
	NOT_EQUAL  reduce 62
	'+'  reduce 62
	'-'  reduce 62
	'>'  reduce 62
	'<'  reduce 62
	','  reduce 62
	';'  reduce 62
	')'  reduce 62
	']'  reduce 62
	':'  reduce 62


state 166
	Receiver : Expr . '.'  (46)
	LValue : Expr . '[' Expr ']'  (49)
	Expr : Expr . '+' Expr  (61)
	Expr : Expr . '-' Expr  (62)
	Expr : Expr . '*' Expr  (63)
	Expr : Expr '*' Expr .  (63)
	Expr : Expr . '/' Expr  (64)
	Expr : Expr . '%' Expr  (65)
	Expr : Expr . EQUAL Expr  (66)
	Expr : Expr . NOT_EQUAL Expr  (67)
	Expr : Expr . '<' Expr  (68)
	Expr : Expr . '>' Expr  (69)
	Expr : Expr . LESS_EQUAL Expr  (70)
	Expr : Expr . GREATER_EQUAL Expr  (71)
	Expr : Expr . AND Expr  (72)
	Expr : Expr . OR Expr  (73)

	'.'  shift 135
	'['  shift 136
	AND  reduce 63
	OR  reduce 63
	LESS_EQUAL  reduce 63
	GREATER_EQUAL  reduce 63
	EQUAL  reduce 63
	NOT_EQUAL  reduce 63
	'+'  reduce 63
	'-'  reduce 63
	'*'  reduce 63
	'/'  reduce 63
	'%'  reduce 63
	'>'  reduce 63
	'<'  reduce 63
	','  reduce 63
	';'  reduce 63
	')'  reduce 63
	']'  reduce 63
	':'  reduce 63


state 167
	Receiver : Expr . '.'  (46)
	LValue : Expr . '[' Expr ']'  (49)
	Expr : Expr . '+' Expr  (61)
	Expr : Expr . '-' Expr  (62)
	Expr : Expr . '*' Expr  (63)
	Expr : Expr . '/' Expr  (64)
	Expr : Expr '/' Expr .  (64)
	Expr : Expr . '%' Expr  (65)
	Expr : Expr . EQUAL Expr  (66)
	Expr : Expr . NOT_EQUAL Expr  (67)
	Expr : Expr . '<' Expr  (68)
	Expr : Expr . '>' Expr  (69)
	Expr : Expr . LESS_EQUAL Expr  (70)
	Expr : Expr . GREATER_EQUAL Expr  (71)
	Expr : Expr . AND Expr  (72)
	Expr : Expr . OR Expr  (73)

	'.'  shift 135
	'['  shift 136
	AND  reduce 64
	OR  reduce 64
	LESS_EQUAL  reduce 64
	GREATER_EQUAL  reduce 64
	EQUAL  reduce 64
	NOT_EQUAL  reduce 64
	'+'  reduce 64
	'-'  reduce 64
	'*'  reduce 64
	'/'  reduce 64
	'%'  reduce 64
	'>'  reduce 64
	'<'  reduce 64
	','  reduce 64
	';'  reduce 64
	')'  reduce 64
	']'  reduce 64
	':'  reduce 64


state 168
	Receiver : Expr . '.'  (46)
	LValue : Expr . '[' Expr ']'  (49)
	Expr : Expr . '+' Expr  (61)
	Expr : Expr . '-' Expr  (62)
	Expr : Expr . '*' Expr  (63)
	Expr : Expr . '/' Expr  (64)
	Expr : Expr . '%' Expr  (65)
	Expr : Expr '%' Expr .  (65)
	Expr : Expr . EQUAL Expr  (66)
	Expr : Expr . NOT_EQUAL Expr  (67)
	Expr : Expr . '<' Expr  (68)
	Expr : Expr . '>' Expr  (69)
	Expr : Expr . LESS_EQUAL Expr  (70)
	Expr : Expr . GREATER_EQUAL Expr  (71)
	Expr : Expr . AND Expr  (72)
	Expr : Expr . OR Expr  (73)

	'.'  shift 135
	'['  shift 136
	AND  reduce 65
	OR  reduce 65
	LESS_EQUAL  reduce 65
	GREATER_EQUAL  reduce 65
	EQUAL  reduce 65
	NOT_EQUAL  reduce 65
	'+'  reduce 65
	'-'  reduce 65
	'*'  reduce 65
	'/'  reduce 65
	'%'  reduce 65
	'>'  reduce 65
	'<'  reduce 65
	','  reduce 65
	';'  reduce 65
	')'  reduce 65
	']'  reduce 65
	':'  reduce 65


state 169
	Receiver : Expr . '.'  (46)
	LValue : Expr . '[' Expr ']'  (49)
	Expr : Expr . '+' Expr  (61)
	Expr : Expr . '-' Expr  (62)
	Expr : Expr . '*' Expr  (63)
	Expr : Expr . '/' Expr  (64)
	Expr : Expr . '%' Expr  (65)
	Expr : Expr . EQUAL Expr  (66)
	Expr : Expr . NOT_EQUAL Expr  (67)
	Expr : Expr . '<' Expr  (68)
	Expr : Expr . '>' Expr  (69)
	Expr : Expr '>' Expr .  (69)
	Expr : Expr . LESS_EQUAL Expr  (70)
	Expr : Expr . GREATER_EQUAL Expr  (71)
	Expr : Expr . AND Expr  (72)
	Expr : Expr . OR Expr  (73)

	'+'  shift 128
	'-'  shift 129
	'*'  shift 130
	'/'  shift 131
	'%'  shift 132
	'.'  shift 135
	'['  shift 136
	AND  reduce 69
	OR  reduce 69
	EQUAL  reduce 69
	NOT_EQUAL  reduce 69
	','  reduce 69
	';'  reduce 69
	')'  reduce 69
	']'  reduce 69
	':'  reduce 69


state 170
	Receiver : Expr . '.'  (46)
	LValue : Expr . '[' Expr ']'  (49)
	Expr : Expr . '+' Expr  (61)
	Expr : Expr . '-' Expr  (62)
	Expr : Expr . '*' Expr  (63)
	Expr : Expr . '/' Expr  (64)
	Expr : Expr . '%' Expr  (65)
	Expr : Expr . EQUAL Expr  (66)
	Expr : Expr . NOT_EQUAL Expr  (67)
	Expr : Expr . '<' Expr  (68)
	Expr : Expr '<' Expr .  (68)
	Expr : Expr . '>' Expr  (69)
	Expr : Expr . LESS_EQUAL Expr  (70)
	Expr : Expr . GREATER_EQUAL Expr  (71)
	Expr : Expr . AND Expr  (72)
	Expr : Expr . OR Expr  (73)

	'+'  shift 128
	'-'  shift 129
	'*'  shift 130
	'/'  shift 131
	'%'  shift 132
	'.'  shift 135
	'['  shift 136
	AND  reduce 68
	OR  reduce 68
	EQUAL  reduce 68
	NOT_EQUAL  reduce 68
	','  reduce 68
	';'  reduce 68
	')'  reduce 68
	']'  reduce 68
	':'  reduce 68


state 171
	Receiver : Expr . '.'  (46)
	LValue : Expr . '[' Expr ']'  (49)
	LValue : Expr '[' Expr . ']'  (49)
	Expr : Expr . '+' Expr  (61)
	Expr : Expr . '-' Expr  (62)
	Expr : Expr . '*' Expr  (63)
	Expr : Expr . '/' Expr  (64)
	Expr : Expr . '%' Expr  (65)
	Expr : Expr . EQUAL Expr  (66)
	Expr : Expr . NOT_EQUAL Expr  (67)
	Expr : Expr . '<' Expr  (68)
	Expr : Expr . '>' Expr  (69)
	Expr : Expr . LESS_EQUAL Expr  (70)
	Expr : Expr . GREATER_EQUAL Expr  (71)
	Expr : Expr . AND Expr  (72)
	Expr : Expr . OR Expr  (73)

	AND  shift 122
	OR  shift 123
	LESS_EQUAL  shift 124
	GREATER_EQUAL  shift 125
	EQUAL  shift 126
	NOT_EQUAL  shift 127
	'+'  shift 128
	'-'  shift 129
	'*'  shift 130
	'/'  shift 131
	'%'  shift 132
	'>'  shift 133
	'<'  shift 134
	'.'  shift 135
	'['  shift 136
	']'  shift 189
	.  error


state 172
	SimpleStmt : LValue '=' Expr .  (43)
	Receiver : Expr . '.'  (46)
	LValue : Expr . '[' Expr ']'  (49)
	Expr : Expr . '+' Expr  (61)
	Expr : Expr . '-' Expr  (62)
	Expr : Expr . '*' Expr  (63)
	Expr : Expr . '/' Expr  (64)
	Expr : Expr . '%' Expr  (65)
	Expr : Expr . EQUAL Expr  (66)
	Expr : Expr . NOT_EQUAL Expr  (67)
	Expr : Expr . '<' Expr  (68)
	Expr : Expr . '>' Expr  (69)
	Expr : Expr . LESS_EQUAL Expr  (70)
	Expr : Expr . GREATER_EQUAL Expr  (71)
	Expr : Expr . AND Expr  (72)
	Expr : Expr . OR Expr  (73)

	AND  shift 122
	OR  shift 123
	LESS_EQUAL  shift 124
	GREATER_EQUAL  shift 125
	EQUAL  shift 126
	NOT_EQUAL  shift 127
	'+'  shift 128
	'-'  shift 129
	'*'  shift 130
	'/'  shift 131
	'%'  shift 132
	'>'  shift 133
	'<'  shift 134
	'.'  shift 135
	'['  shift 136
	';'  reduce 43
	')'  reduce 43


state 173
	Call : Receiver IDENTIFIER '(' . Actuals ')'  (50)
	Receiver : .  (47)
	Actuals : .  (93)

	NULL  shift 47
	THIS  shift 48
	NEW  shift 54
	READ_INTEGER  shift 56
	READ_LINE  shift 57
	LITERAL  shift 58
	INSTANCEOF  shift 59
	CASE  shift 60
	SUPER  shift 61
	DCOPY  shift 62
	SCOPY  shift 63
	'-'  shift 65
	'!'  shift 66
	'('  shift 67
	'@'  shift 69
	'$'  shift 70
	'#'  shift 71
	IDENTIFIER  reduce 47
	')'  reduce 93

	Expr  goto 144
	LValue  goto 95
	Call  goto 96
	Receiver  goto 88
	Actuals  goto 190
	Constant  goto 89
	CondExpr  goto 90
	ExprList  goto 191


state 174
	WhileStmt : WHILE '(' Expr ')' . Stmt  (96)
	SimpleStmt : .  (45)
	Receiver : .  (47)

	VOID  shift 12
	BOOL  shift 13
	INT  shift 14
	STRING  shift 15
	CLASS  shift 16
	COMPLEX  shift 17
	NULL  shift 47
	THIS  shift 48
	WHILE  shift 49
	FOR  shift 50
	IF  shift 51
	RETURN  shift 52
	BREAK  shift 53
	NEW  shift 54
	PRINT  shift 55
	READ_INTEGER  shift 56
	READ_LINE  shift 57
	LITERAL  shift 58
	INSTANCEOF  shift 59
	CASE  shift 60
	SUPER  shift 61
	DCOPY  shift 62
	SCOPY  shift 63
	DO  shift 64
	'-'  shift 65
	'!'  shift 66
	'('  shift 67
	'{'  shift 42
	'@'  shift 69
	'$'  shift 70
	'#'  shift 71
	PRINT_COMP  shift 72
	IDENTIFIER  reduce 47
	';'  reduce 45

	VariableDef  goto 73
	Variable  goto 21
	Type  goto 34
	StmtBlock  goto 74
	Stmt  goto 192
	SimpleStmt  goto 76
	IfStmt  goto 77
	WhileStmt  goto 78
	ForStmt  goto 79
	ReturnStmt  goto 80
	PrintStmt  goto 81
	PrintCompStmt  goto 82
	BreakStmt  goto 83
	DoStmt  goto 84
	Expr  goto 85
	LValue  goto 86
	Call  goto 87
	Receiver  goto 88
	Constant  goto 89
	CondExpr  goto 90


state 175
	ForStmt : FOR '(' SimpleStmt ';' . Expr ';' SimpleStmt ')' Stmt  (97)
	Receiver : .  (47)

	NULL  shift 47
	THIS  shift 48
	NEW  shift 54
	READ_INTEGER  shift 56
	READ_LINE  shift 57
	LITERAL  shift 58
	INSTANCEOF  shift 59
	CASE  shift 60
	SUPER  shift 61
	DCOPY  shift 62
	SCOPY  shift 63
	'-'  shift 65
	'!'  shift 66
	'('  shift 67
	'@'  shift 69
	'$'  shift 70
	'#'  shift 71
	IDENTIFIER  reduce 47

	Expr  goto 193
	LValue  goto 95
	Call  goto 96
	Receiver  goto 88
	Constant  goto 89
	CondExpr  goto 90


state 176
	IfStmt : IF '(' Expr ')' . Stmt ElseClause  (99)
	SimpleStmt : .  (45)
	Receiver : .  (47)

	VOID  shift 12
	BOOL  shift 13
	INT  shift 14
	STRING  shift 15
	CLASS  shift 16
	COMPLEX  shift 17
	NULL  shift 47
	THIS  shift 48
	WHILE  shift 49
	FOR  shift 50
	IF  shift 51
	RETURN  shift 52
	BREAK  shift 53
	NEW  shift 54
	PRINT  shift 55
	READ_INTEGER  shift 56
	READ_LINE  shift 57
	LITERAL  shift 58
	INSTANCEOF  shift 59
	CASE  shift 60
	SUPER  shift 61
	DCOPY  shift 62
	SCOPY  shift 63
	DO  shift 64
	'-'  shift 65
	'!'  shift 66
	'('  shift 67
	'{'  shift 42
	'@'  shift 69
	'$'  shift 70
	'#'  shift 71
	PRINT_COMP  shift 72
	IDENTIFIER  reduce 47
	';'  reduce 45

	VariableDef  goto 73
	Variable  goto 21
	Type  goto 34
	StmtBlock  goto 74
	Stmt  goto 194
	SimpleStmt  goto 76
	IfStmt  goto 77
	WhileStmt  goto 78
	ForStmt  goto 79
	ReturnStmt  goto 80
	PrintStmt  goto 81
	PrintCompStmt  goto 82
	BreakStmt  goto 83
	DoStmt  goto 84
	Expr  goto 85
	LValue  goto 86
	Call  goto 87
	Receiver  goto 88
	Constant  goto 89
	CondExpr  goto 90


state 177
	Expr : NEW IDENTIFIER '(' ')' .  (86)

	.  reduce 86


state 178
	Receiver : Expr . '.'  (46)
	LValue : Expr . '[' Expr ']'  (49)
	Expr : Expr . '+' Expr  (61)
	Expr : Expr . '-' Expr  (62)
	Expr : Expr . '*' Expr  (63)
	Expr : Expr . '/' Expr  (64)
	Expr : Expr . '%' Expr  (65)
	Expr : Expr . EQUAL Expr  (66)
	Expr : Expr . NOT_EQUAL Expr  (67)
	Expr : Expr . '<' Expr  (68)
	Expr : Expr . '>' Expr  (69)
	Expr : Expr . LESS_EQUAL Expr  (70)
	Expr : Expr . GREATER_EQUAL Expr  (71)
	Expr : Expr . AND Expr  (72)
	Expr : Expr . OR Expr  (73)
	Expr : NEW Type '[' Expr . ']'  (87)

	AND  shift 122
	OR  shift 123
	LESS_EQUAL  shift 124
	GREATER_EQUAL  shift 125
	EQUAL  shift 126
	NOT_EQUAL  shift 127
	'+'  shift 128
	'-'  shift 129
	'*'  shift 130
	'/'  shift 131
	'%'  shift 132
	'>'  shift 133
	'<'  shift 134
	'.'  shift 135
	'['  shift 136
	']'  shift 195
	.  error


state 179
	ExprList : ExprList ',' . Expr  (94)
	Receiver : .  (47)

	NULL  shift 47
	THIS  shift 48
	NEW  shift 54
	READ_INTEGER  shift 56
	READ_LINE  shift 57
	LITERAL  shift 58
	INSTANCEOF  shift 59
	CASE  shift 60
	SUPER  shift 61
	DCOPY  shift 62
	SCOPY  shift 63
	'-'  shift 65
	'!'  shift 66
	'('  shift 67
	'@'  shift 69
	'$'  shift 70
	'#'  shift 71
	IDENTIFIER  reduce 47

	Expr  goto 196
	LValue  goto 95
	Call  goto 96
	Receiver  goto 88
	Constant  goto 89
	CondExpr  goto 90


state 180
	PrintStmt : PRINT '(' ExprList ')' .  (104)

	.  reduce 104


state 181
	Expr : INSTANCEOF '(' Expr ',' . IDENTIFIER ')'  (88)

	IDENTIFIER  shift 197
	.  error


state 182
	CondExpr : CASE '(' Expr ')' . '{' AllCaseList '}'  (56)

	'{'  shift 198
	.  error


state 183
	Expr : DCOPY '(' Expr ')' .  (82)

	.  reduce 82


state 184
	Expr : SCOPY '(' Expr ')' .  (83)

	.  reduce 83


state 185
	DoBranchList : DoBranchList III DoBranch .  (40)

	.  reduce 40


state 186
	DoBranch : Expr ':' Stmt .  (42)

	.  reduce 42


state 187
	Expr : '(' CLASS IDENTIFIER ')' . Expr  (89)
	Receiver : .  (47)

	NULL  shift 47
	THIS  shift 48
	NEW  shift 54
	READ_INTEGER  shift 56
	READ_LINE  shift 57
	LITERAL  shift 58
	INSTANCEOF  shift 59
	CASE  shift 60
	SUPER  shift 61
	DCOPY  shift 62
	SCOPY  shift 63
	'-'  shift 65
	'!'  shift 66
	'('  shift 67
	'@'  shift 69
	'$'  shift 70
	'#'  shift 71
	IDENTIFIER  reduce 47

	Expr  goto 199
	LValue  goto 95
	Call  goto 96
	Receiver  goto 88
	Constant  goto 89
	CondExpr  goto 90


state 188
	PrintCompStmt : PRINT_COMP '(' ExprList ')' .  (105)

	.  reduce 105


state 189
	LValue : Expr '[' Expr ']' .  (49)

	.  reduce 49


state 190
	Call : Receiver IDENTIFIER '(' Actuals . ')'  (50)

	')'  shift 200
	.  error


state 191
	Actuals : ExprList .  (92)
	ExprList : ExprList . ',' Expr  (94)

	','  shift 179
	')'  reduce 92


state 192
	WhileStmt : WHILE '(' Expr ')' Stmt .  (96)

	.  reduce 96


state 193
	Receiver : Expr . '.'  (46)
	LValue : Expr . '[' Expr ']'  (49)
	Expr : Expr . '+' Expr  (61)
	Expr : Expr . '-' Expr  (62)
	Expr : Expr . '*' Expr  (63)
	Expr : Expr . '/' Expr  (64)
	Expr : Expr . '%' Expr  (65)
	Expr : Expr . EQUAL Expr  (66)
	Expr : Expr . NOT_EQUAL Expr  (67)
	Expr : Expr . '<' Expr  (68)
	Expr : Expr . '>' Expr  (69)
	Expr : Expr . LESS_EQUAL Expr  (70)
	Expr : Expr . GREATER_EQUAL Expr  (71)
	Expr : Expr . AND Expr  (72)
	Expr : Expr . OR Expr  (73)
	ForStmt : FOR '(' SimpleStmt ';' Expr . ';' SimpleStmt ')' Stmt  (97)

	AND  shift 122
	OR  shift 123
	LESS_EQUAL  shift 124
	GREATER_EQUAL  shift 125
	EQUAL  shift 126
	NOT_EQUAL  shift 127
	'+'  shift 128
	'-'  shift 129
	'*'  shift 130
	'/'  shift 131
	'%'  shift 132
	'>'  shift 133
	'<'  shift 134
	'.'  shift 135
	';'  shift 201
	'['  shift 136
	.  error


state 194
	IfStmt : IF '(' Expr ')' Stmt . ElseClause  (99)
	ElseClause : .  (101)

	ELSE  shift 202
	VOID  reduce 101
	BOOL  reduce 101
	INT  reduce 101
	STRING  reduce 101
	CLASS  reduce 101
	COMPLEX  reduce 101
	NULL  reduce 101
	THIS  reduce 101
	WHILE  reduce 101
	FOR  reduce 101
	IF  reduce 101
	RETURN  reduce 101
	BREAK  reduce 101
	NEW  reduce 101
	PRINT  reduce 101
	READ_INTEGER  reduce 101
	READ_LINE  reduce 101
	LITERAL  reduce 101
	IDENTIFIER  reduce 101
	INSTANCEOF  reduce 101
	CASE  reduce 101
	SUPER  reduce 101
	DCOPY  reduce 101
	SCOPY  reduce 101
	DO  reduce 101
	OD  reduce 101
	III  reduce 101
	'-'  reduce 101
	';'  reduce 101
	'!'  reduce 101
	'('  reduce 101
	'{'  reduce 101
	'}'  reduce 101
	'@'  reduce 101
	'$'  reduce 101
	'#'  reduce 101
	PRINT_COMP  reduce 101

	ElseClause  goto 203


state 195
	Expr : NEW Type '[' Expr ']' .  (87)

	.  reduce 87


state 196
	Receiver : Expr . '.'  (46)
	LValue : Expr . '[' Expr ']'  (49)
	Expr : Expr . '+' Expr  (61)
	Expr : Expr . '-' Expr  (62)
	Expr : Expr . '*' Expr  (63)
	Expr : Expr . '/' Expr  (64)
	Expr : Expr . '%' Expr  (65)
	Expr : Expr . EQUAL Expr  (66)
	Expr : Expr . NOT_EQUAL Expr  (67)
	Expr : Expr . '<' Expr  (68)
	Expr : Expr . '>' Expr  (69)
	Expr : Expr . LESS_EQUAL Expr  (70)
	Expr : Expr . GREATER_EQUAL Expr  (71)
	Expr : Expr . AND Expr  (72)
	Expr : Expr . OR Expr  (73)
	ExprList : ExprList ',' Expr .  (94)

	AND  shift 122
	OR  shift 123
	LESS_EQUAL  shift 124
	GREATER_EQUAL  shift 125
	EQUAL  shift 126
	NOT_EQUAL  shift 127
	'+'  shift 128
	'-'  shift 129
	'*'  shift 130
	'/'  shift 131
	'%'  shift 132
	'>'  shift 133
	'<'  shift 134
	'.'  shift 135
	'['  shift 136
	','  reduce 94
	')'  reduce 94


state 197
	Expr : INSTANCEOF '(' Expr ',' IDENTIFIER . ')'  (88)

	')'  shift 204
	.  error


state 198
	CondExpr : CASE '(' Expr ')' '{' . AllCaseList '}'  (56)
	ConstCaseList : .  (54)

	NULL  shift 47
	LITERAL  shift 58
	DEFAULT  reduce 54

	OneCaseExpr  goto 205
	Constant  goto 206
	ConstCaseList  goto 207
	AllCaseList  goto 208


state 199
	Receiver : Expr . '.'  (46)
	LValue : Expr . '[' Expr ']'  (49)
	Expr : Expr . '+' Expr  (61)
	Expr : Expr . '-' Expr  (62)
	Expr : Expr . '*' Expr  (63)
	Expr : Expr . '/' Expr  (64)
	Expr : Expr . '%' Expr  (65)
	Expr : Expr . EQUAL Expr  (66)
	Expr : Expr . NOT_EQUAL Expr  (67)
	Expr : Expr . '<' Expr  (68)
	Expr : Expr . '>' Expr  (69)
	Expr : Expr . LESS_EQUAL Expr  (70)
	Expr : Expr . GREATER_EQUAL Expr  (71)
	Expr : Expr . AND Expr  (72)
	Expr : Expr . OR Expr  (73)
	Expr : '(' CLASS IDENTIFIER ')' Expr .  (89)

	.  reduce 89


state 200
	Call : Receiver IDENTIFIER '(' Actuals ')' .  (50)

	.  reduce 50


state 201
	ForStmt : FOR '(' SimpleStmt ';' Expr ';' . SimpleStmt ')' Stmt  (97)
	SimpleStmt : .  (45)
	Receiver : .  (47)

	NULL  shift 47
	THIS  shift 48
	NEW  shift 54
	READ_INTEGER  shift 56
	READ_LINE  shift 57
	LITERAL  shift 58
	INSTANCEOF  shift 59
	CASE  shift 60
	SUPER  shift 61
	DCOPY  shift 62
	SCOPY  shift 63
	'-'  shift 65
	'!'  shift 66
	'('  shift 67
	'@'  shift 69
	'$'  shift 70
	'#'  shift 71
	IDENTIFIER  reduce 47
	')'  reduce 45

	SimpleStmt  goto 209
	Expr  goto 85
	LValue  goto 86
	Call  goto 87
	Receiver  goto 88
	Constant  goto 89
	CondExpr  goto 90


state 202
	ElseClause : ELSE . Stmt  (100)
	SimpleStmt : .  (45)
	Receiver : .  (47)

	VOID  shift 12
	BOOL  shift 13
	INT  shift 14
	STRING  shift 15
	CLASS  shift 16
	COMPLEX  shift 17
	NULL  shift 47
	THIS  shift 48
	WHILE  shift 49
	FOR  shift 50
	IF  shift 51
	RETURN  shift 52
	BREAK  shift 53
	NEW  shift 54
	PRINT  shift 55
	READ_INTEGER  shift 56
	READ_LINE  shift 57
	LITERAL  shift 58
	INSTANCEOF  shift 59
	CASE  shift 60
	SUPER  shift 61
	DCOPY  shift 62
	SCOPY  shift 63
	DO  shift 64
	'-'  shift 65
	'!'  shift 66
	'('  shift 67
	'{'  shift 42
	'@'  shift 69
	'$'  shift 70
	'#'  shift 71
	PRINT_COMP  shift 72
	IDENTIFIER  reduce 47
	';'  reduce 45

	VariableDef  goto 73
	Variable  goto 21
	Type  goto 34
	StmtBlock  goto 74
	Stmt  goto 210
	SimpleStmt  goto 76
	IfStmt  goto 77
	WhileStmt  goto 78
	ForStmt  goto 79
	ReturnStmt  goto 80
	PrintStmt  goto 81
	PrintCompStmt  goto 82
	BreakStmt  goto 83
	DoStmt  goto 84
	Expr  goto 85
	LValue  goto 86
	Call  goto 87
	Receiver  goto 88
	Constant  goto 89
	CondExpr  goto 90


state 203
	IfStmt : IF '(' Expr ')' Stmt ElseClause .  (99)

	.  reduce 99


state 204
	Expr : INSTANCEOF '(' Expr ',' IDENTIFIER ')' .  (88)

	.  reduce 88


state 205
	ConstCaseList : OneCaseExpr . ConstCaseList  (53)
	ConstCaseList : .  (54)

	NULL  shift 47
	LITERAL  shift 58
	DEFAULT  reduce 54

	OneCaseExpr  goto 205
	Constant  goto 206
	ConstCaseList  goto 211


state 206
	OneCaseExpr : Constant . ':' Expr ';'  (51)

	':'  shift 212
	.  error


state 207
	AllCaseList : ConstCaseList . DefCaseExpr  (55)

	DEFAULT  shift 213
	.  error

	DefCaseExpr  goto 214


state 208
	CondExpr : CASE '(' Expr ')' '{' AllCaseList . '}'  (56)

	'}'  shift 215
	.  error


state 209
	ForStmt : FOR '(' SimpleStmt ';' Expr ';' SimpleStmt . ')' Stmt  (97)

	')'  shift 216
	.  error


state 210
	ElseClause : ELSE Stmt .  (100)

	.  reduce 100


state 211
	ConstCaseList : OneCaseExpr ConstCaseList .  (53)

	.  reduce 53


state 212
	OneCaseExpr : Constant ':' . Expr ';'  (51)
	Receiver : .  (47)

	NULL  shift 47
	THIS  shift 48
	NEW  shift 54
	READ_INTEGER  shift 56
	READ_LINE  shift 57
	LITERAL  shift 58
	INSTANCEOF  shift 59
	CASE  shift 60
	SUPER  shift 61
	DCOPY  shift 62
	SCOPY  shift 63
	'-'  shift 65
	'!'  shift 66
	'('  shift 67
	'@'  shift 69
	'$'  shift 70
	'#'  shift 71
	IDENTIFIER  reduce 47

	Expr  goto 217
	LValue  goto 95
	Call  goto 96
	Receiver  goto 88
	Constant  goto 89
	CondExpr  goto 90


state 213
	DefCaseExpr : DEFAULT . ':' Expr ';'  (52)

	':'  shift 218
	.  error


state 214
	AllCaseList : ConstCaseList DefCaseExpr .  (55)

	.  reduce 55


state 215
	CondExpr : CASE '(' Expr ')' '{' AllCaseList '}' .  (56)

	.  reduce 56


state 216
	ForStmt : FOR '(' SimpleStmt ';' Expr ';' SimpleStmt ')' . Stmt  (97)
	SimpleStmt : .  (45)
	Receiver : .  (47)

	VOID  shift 12
	BOOL  shift 13
	INT  shift 14
	STRING  shift 15
	CLASS  shift 16
	COMPLEX  shift 17
	NULL  shift 47
	THIS  shift 48
	WHILE  shift 49
	FOR  shift 50
	IF  shift 51
	RETURN  shift 52
	BREAK  shift 53
	NEW  shift 54
	PRINT  shift 55
	READ_INTEGER  shift 56
	READ_LINE  shift 57
	LITERAL  shift 58
	INSTANCEOF  shift 59
	CASE  shift 60
	SUPER  shift 61
	DCOPY  shift 62
	SCOPY  shift 63
	DO  shift 64
	'-'  shift 65
	'!'  shift 66
	'('  shift 67
	'{'  shift 42
	'@'  shift 69
	'$'  shift 70
	'#'  shift 71
	PRINT_COMP  shift 72
	IDENTIFIER  reduce 47
	';'  reduce 45

	VariableDef  goto 73
	Variable  goto 21
	Type  goto 34
	StmtBlock  goto 74
	Stmt  goto 219
	SimpleStmt  goto 76
	IfStmt  goto 77
	WhileStmt  goto 78
	ForStmt  goto 79
	ReturnStmt  goto 80
	PrintStmt  goto 81
	PrintCompStmt  goto 82
	BreakStmt  goto 83
	DoStmt  goto 84
	Expr  goto 85
	LValue  goto 86
	Call  goto 87
	Receiver  goto 88
	Constant  goto 89
	CondExpr  goto 90


state 217
	Receiver : Expr . '.'  (46)
	LValue : Expr . '[' Expr ']'  (49)
	OneCaseExpr : Constant ':' Expr . ';'  (51)
	Expr : Expr . '+' Expr  (61)
	Expr : Expr . '-' Expr  (62)
	Expr : Expr . '*' Expr  (63)
	Expr : Expr . '/' Expr  (64)
	Expr : Expr . '%' Expr  (65)
	Expr : Expr . EQUAL Expr  (66)
	Expr : Expr . NOT_EQUAL Expr  (67)
	Expr : Expr . '<' Expr  (68)
	Expr : Expr . '>' Expr  (69)
	Expr : Expr . LESS_EQUAL Expr  (70)
	Expr : Expr . GREATER_EQUAL Expr  (71)
	Expr : Expr . AND Expr  (72)
	Expr : Expr . OR Expr  (73)

	AND  shift 122
	OR  shift 123
	LESS_EQUAL  shift 124
	GREATER_EQUAL  shift 125
	EQUAL  shift 126
	NOT_EQUAL  shift 127
	'+'  shift 128
	'-'  shift 129
	'*'  shift 130
	'/'  shift 131
	'%'  shift 132
	'>'  shift 133
	'<'  shift 134
	'.'  shift 135
	';'  shift 220
	'['  shift 136
	.  error


state 218
	DefCaseExpr : DEFAULT ':' . Expr ';'  (52)
	Receiver : .  (47)

	NULL  shift 47
	THIS  shift 48
	NEW  shift 54
	READ_INTEGER  shift 56
	READ_LINE  shift 57
	LITERAL  shift 58
	INSTANCEOF  shift 59
	CASE  shift 60
	SUPER  shift 61
	DCOPY  shift 62
	SCOPY  shift 63
	'-'  shift 65
	'!'  shift 66
	'('  shift 67
	'@'  shift 69
	'$'  shift 70
	'#'  shift 71
	IDENTIFIER  reduce 47

	Expr  goto 221
	LValue  goto 95
	Call  goto 96
	Receiver  goto 88
	Constant  goto 89
	CondExpr  goto 90


state 219
	ForStmt : FOR '(' SimpleStmt ';' Expr ';' SimpleStmt ')' Stmt .  (97)

	.  reduce 97


state 220
	OneCaseExpr : Constant ':' Expr ';' .  (51)

	.  reduce 51


state 221
	Receiver : Expr . '.'  (46)
	LValue : Expr . '[' Expr ']'  (49)
	DefCaseExpr : DEFAULT ':' Expr . ';'  (52)
	Expr : Expr . '+' Expr  (61)
	Expr : Expr . '-' Expr  (62)
	Expr : Expr . '*' Expr  (63)
	Expr : Expr . '/' Expr  (64)
	Expr : Expr . '%' Expr  (65)
	Expr : Expr . EQUAL Expr  (66)
	Expr : Expr . NOT_EQUAL Expr  (67)
	Expr : Expr . '<' Expr  (68)
	Expr : Expr . '>' Expr  (69)
	Expr : Expr . LESS_EQUAL Expr  (70)
	Expr : Expr . GREATER_EQUAL Expr  (71)
	Expr : Expr . AND Expr  (72)
	Expr : Expr . OR Expr  (73)

	AND  shift 122
	OR  shift 123
	LESS_EQUAL  shift 124
	GREATER_EQUAL  shift 125
	EQUAL  shift 126
	NOT_EQUAL  shift 127
	'+'  shift 128
	'-'  shift 129
	'*'  shift 130
	'/'  shift 131
	'%'  shift 132
	'>'  shift 133
	'<'  shift 134
	'.'  shift 135
	';'  shift 222
	'['  shift 136
	.  error


state 222
	DefCaseExpr : DEFAULT ':' Expr ';' .  (52)

	.  reduce 52


State 113 contains 15 shift/reduce conflicts.
State 114 contains 15 shift/reduce conflicts.
State 115 contains 15 shift/reduce conflicts.


65 terminals, 39 nonterminals
106 grammar rules, 223 states
